Using pre-set license
Built from '2020.3/staging' branch; Version is '2020.3.22f1 (e1a7f79fd887) revision 14788599'; Using compiler version '192528614'; Build Type 'Release'
OS: 'Windows 10 Home; OS build 19044.1645; Version 2009; 64bit' Language: 'en' Physical Memory: 32688 MB
BatchMode: 1, IsHumanControllingUs: 0, StartBugReporterOnCrash: 0, Is64bit: 1, IsPro: 0

COMMAND LINE ARGUMENTS:
D:\Unity\2020.3.22f1\Editor\Unity.exe
-adb2
-batchMode
-noUpm
-name
AssetImportWorker0
-projectPath
H:/Creative Outlets/Game Jam/game-jam/My project
-logFile
Logs/AssetImportWorker0.log
-srvPort
64140
Successfully changed project path to: H:/Creative Outlets/Game Jam/game-jam/My project
H:/Creative Outlets/Game Jam/game-jam/My project
Using Asset Import Pipeline V2.
Refreshing native plugins compatible for Editor in 57.03 ms, found 2 plugins.
Preloading 0 native plugins for Editor in 0.00 ms.
Initialize engine version: 2020.3.22f1 (e1a7f79fd887)
[Subsystems] Discovering subsystems at path D:/Unity/2020.3.22f1/Editor/Data/Resources/UnitySubsystems
[Subsystems] Discovering subsystems at path H:/Creative Outlets/Game Jam/game-jam/My project/Assets
GfxDevice: creating device client; threaded=0
Direct3D:
    Version:  Direct3D 11.0 [level 11.1]
    Renderer: NVIDIA GeForce GTX 1060 6GB (ID=0x1c03)
    Vendor:   
    VRAM:     6052 MB
    Driver:   30.0.15.1215
Initialize mono
Mono path[0] = 'D:/Unity/2020.3.22f1/Editor/Data/Managed'
Mono path[1] = 'D:/Unity/2020.3.22f1/Editor/Data/MonoBleedingEdge/lib/mono/unityjit'
Mono config path = 'D:/Unity/2020.3.22f1/Editor/Data/MonoBleedingEdge/etc'
Using monoOptions --debugger-agent=transport=dt_socket,embedding=1,server=y,suspend=n,address=127.0.0.1:56412
Begin MonoManager ReloadAssembly
Registering precompiled unity dll's ...
Register platform support module: D:/Unity/2020.3.22f1/Editor/Data/PlaybackEngines/WindowsStandaloneSupport/UnityEditor.WindowsStandalone.Extensions.dll
Registered in 0.001306 seconds.
Native extension for WindowsStandalone target not found
Refreshing native plugins compatible for Editor in 53.65 ms, found 2 plugins.
Preloading 0 native plugins for Editor in 0.00 ms.
Mono: successfully reloaded assembly
- Completed reload, in  1.552 seconds
Domain Reload Profiling:
	ReloadAssembly (1552ms)
		BeginReloadAssembly (85ms)
			ExecutionOrderSort (0ms)
			DisableScriptedObjects (0ms)
			BackupInstance (0ms)
			ReleaseScriptingObjects (0ms)
			CreateAndSetChildDomain (1ms)
		EndReloadAssembly (556ms)
			LoadAssemblies (85ms)
			RebuildTransferFunctionScriptingTraits (0ms)
			SetupTypeCache (203ms)
			ReleaseScriptCaches (0ms)
			RebuildScriptCaches (37ms)
			SetupLoadedEditorAssemblies (204ms)
				LogAssemblyErrors (0ms)
				InitializePlatformSupportModulesInManaged (5ms)
				SetLoadedEditorAssemblies (0ms)
				RefreshPlugins (54ms)
				BeforeProcessingInitializeOnLoad (20ms)
				ProcessInitializeOnLoadAttributes (94ms)
				ProcessInitializeOnLoadMethodAttributes (31ms)
				AfterProcessingInitializeOnLoad (0ms)
				EditorAssembliesLoaded (0ms)
			ExecutionOrderSort2 (0ms)
			AwakeInstancesAfterBackupRestoration (0ms)
Platform modules already initialized, skipping
Registering precompiled user dll's ...
Registered in 0.005113 seconds.
Begin MonoManager ReloadAssembly
Native extension for WindowsStandalone target not found
Refreshing native plugins compatible for Editor in 51.74 ms, found 2 plugins.
Preloading 0 native plugins for Editor in 0.00 ms.
Mono: successfully reloaded assembly
- Completed reload, in  1.781 seconds
Domain Reload Profiling:
	ReloadAssembly (1783ms)
		BeginReloadAssembly (449ms)
			ExecutionOrderSort (0ms)
			DisableScriptedObjects (15ms)
			BackupInstance (0ms)
			ReleaseScriptingObjects (0ms)
			CreateAndSetChildDomain (35ms)
		EndReloadAssembly (1174ms)
			LoadAssemblies (185ms)
			RebuildTransferFunctionScriptingTraits (0ms)
			SetupTypeCache (416ms)
			ReleaseScriptCaches (1ms)
			RebuildScriptCaches (77ms)
			SetupLoadedEditorAssemblies (412ms)
				LogAssemblyErrors (0ms)
				InitializePlatformSupportModulesInManaged (4ms)
				SetLoadedEditorAssemblies (0ms)
				RefreshPlugins (52ms)
				BeforeProcessingInitializeOnLoad (87ms)
				ProcessInitializeOnLoadAttributes (257ms)
				ProcessInitializeOnLoadMethodAttributes (9ms)
				AfterProcessingInitializeOnLoad (3ms)
				EditorAssembliesLoaded (0ms)
			ExecutionOrderSort2 (0ms)
			AwakeInstancesAfterBackupRestoration (7ms)
Platform modules already initialized, skipping
========================================================================
Worker process is ready to serve import requests
Launched and connected shader compiler UnityShaderCompiler.exe after 0.09 seconds
Refreshing native plugins compatible for Editor in 0.82 ms, found 2 plugins.
Preloading 0 native plugins for Editor in 0.00 ms.
Unloading 2744 Unused Serialized files (Serialized files now loaded: 0)
System memory in use before: 110.7 MB.
System memory in use after: 110.9 MB.

Unloading 21 unused Assets to reduce memory usage. Loaded Objects now: 3177.
Total: 4.213300 ms (FindLiveObjects: 0.262700 ms CreateObjectMapping: 0.204600 ms MarkObjects: 3.634900 ms  DeleteObjects: 0.110000 ms)

AssetImportParameters requested are different than current active one (requested -> active):
  custom:framework-win-MediaFoundation: 216162199b28c13a410421893ffa2e32 -> 
  custom:video-decoder-ogg-theora: a1e56fd34408186e4bbccfd4996cb3dc -> 
  custom:container-muxer-webm: aa71ff27fc2769a1b78a27578f13a17b -> 
  custom:container-demuxer-webm: 4f35f7cbe854078d1ac9338744f61a02 -> 
  custom:container-demuxer-ogg: 62fdf1f143b41e24485cea50d1cbac27 -> 
  custom:video-encoder-webm-vp8: eb34c28f22e8b96e1ab97ce403110664 -> 
  custom:video-decoder-webm-vp8: 9c59270c3fd7afecdb556c50c9e8de78 -> 
  custom:audio-decoder-ogg-vorbis: bf7c407c2cedff20999df2af8eb42d56 -> 
  custom:audio-encoder-webm-vorbis: bf7c407c2cedff20999df2af8eb42d56 -> 
========================================================================
Received Import Request.
  path: Assets/Fungus/Fungus.asmdef
  artifactKey: Guid(007db7f7a4c8f944990d71603a110f82) Importer(815301076,1909f56bfc062723c751e8b465ee728b)
Start importing Assets/Fungus/Fungus.asmdef using Guid(007db7f7a4c8f944990d71603a110f82) Importer(815301076,1909f56bfc062723c751e8b465ee728b)  -> (artifact id: '2f474419ce3a051a765d0d0e280481c5') in 0.036925 seconds 
  Import took 0.042667 seconds .

========================================================================
Received Import Request.
  Time since last request: 0.000226 seconds.
  path: Assets/Fungus
  artifactKey: Guid(120b23b5240c94aee960b7434706811c) Importer(815301076,1909f56bfc062723c751e8b465ee728b)
Start importing Assets/Fungus using Guid(120b23b5240c94aee960b7434706811c) Importer(815301076,1909f56bfc062723c751e8b465ee728b)  -> (artifact id: '105b33f98f717edaa46350bf9e5d4db5') in 0.002866 seconds 
  Import took 0.008938 seconds .

========================================================================
Received Import Request.
  Time since last request: 315.218622 seconds.
  path: Assets/FungusExamples/Sherlock/Audio/Emote/Angry.wav
  artifactKey: Guid(e15cd033e8242884fa44bbbffb3635e4) Importer(815301076,1909f56bfc062723c751e8b465ee728b)
Start importing Assets/FungusExamples/Sherlock/Audio/Emote/Angry.wav using Guid(e15cd033e8242884fa44bbbffb3635e4) Importer(815301076,1909f56bfc062723c751e8b465ee728b)  -> (artifact id: '9096c421d0fdaab7674a2ea298b7e896') in 0.240980 seconds 
  Import took 0.247714 seconds .

========================================================================
Received Import Request.
  Time since last request: 0.000274 seconds.
  path: Assets/FungusExamples/Sherlock/Audio/GUI/TypingSound.wav
  artifactKey: Guid(07ae66b691a7c4097b8b74cdcc617b22) Importer(815301076,1909f56bfc062723c751e8b465ee728b)
Start importing Assets/FungusExamples/Sherlock/Audio/GUI/TypingSound.wav using Guid(07ae66b691a7c4097b8b74cdcc617b22) Importer(815301076,1909f56bfc062723c751e8b465ee728b)  -> (artifact id: 'f1d9db5f5ed7e84bfa2ba49a6cf6ac63') in 0.026137 seconds 
  Import took 0.030768 seconds .

========================================================================
Received Import Request.
  Time since last request: 0.000653 seconds.
  path: Assets/Fungus/Audio/HighVoice.wav
  artifactKey: Guid(774486030b696474e8b3cf7f178123da) Importer(815301076,1909f56bfc062723c751e8b465ee728b)
Start importing Assets/Fungus/Audio/HighVoice.wav using Guid(774486030b696474e8b3cf7f178123da) Importer(815301076,1909f56bfc062723c751e8b465ee728b)  -> (artifact id: '52d87f2200b6c46ac9105a70bf1598bb') in 0.013491 seconds 
  Import took 0.022222 seconds .

========================================================================
Received Import Request.
  Time since last request: 0.000321 seconds.
  path: Assets/Fungus/Audio/LowVoice.wav
  artifactKey: Guid(c53b7c20372e444c6bd7f2ac0729bbe2) Importer(815301076,1909f56bfc062723c751e8b465ee728b)
Start importing Assets/Fungus/Audio/LowVoice.wav using Guid(c53b7c20372e444c6bd7f2ac0729bbe2) Importer(815301076,1909f56bfc062723c751e8b465ee728b)  -> (artifact id: 'c409a48fe2191cad2d5cc84237fffecb') in 0.016822 seconds 
  Import took 0.022485 seconds .

========================================================================
Received Import Request.
  Time since last request: 0.000165 seconds.
  path: Assets/Fungus/Audio/MidVoice.wav
  artifactKey: Guid(f637c5ce9d10e45c7855ed89bfc6b97e) Importer(815301076,1909f56bfc062723c751e8b465ee728b)
Start importing Assets/Fungus/Audio/MidVoice.wav using Guid(f637c5ce9d10e45c7855ed89bfc6b97e) Importer(815301076,1909f56bfc062723c751e8b465ee728b)  -> (artifact id: 'ba44f87aa802fd9076464a28b5488b7a') in 0.016278 seconds 
  Import took 0.024484 seconds .

========================================================================
Received Import Request.
  Time since last request: 0.000175 seconds.
  path: Assets/FungusExamples/TheHunter/Audio/BearRoar.wav
  artifactKey: Guid(18fb463864893c4448e279b69f998d7b) Importer(815301076,1909f56bfc062723c751e8b465ee728b)
Start importing Assets/FungusExamples/TheHunter/Audio/BearRoar.wav using Guid(18fb463864893c4448e279b69f998d7b) Importer(815301076,1909f56bfc062723c751e8b465ee728b)  -> (artifact id: 'f364ca6c571f063c4956d387a58013dc') in 0.016802 seconds 
  Import took 0.022239 seconds .

========================================================================
Received Import Request.
  Time since last request: 0.000142 seconds.
  path: Assets/FungusExamples/Sherlock/Audio/sfx/Liquids/PourLiquid.wav
  artifactKey: Guid(e513fc9af808b8c438338e58bc17a700) Importer(815301076,1909f56bfc062723c751e8b465ee728b)
Start importing Assets/FungusExamples/Sherlock/Audio/sfx/Liquids/PourLiquid.wav using Guid(e513fc9af808b8c438338e58bc17a700) Importer(815301076,1909f56bfc062723c751e8b465ee728b)  -> (artifact id: '021ca853700c3468cbedb1a84e80c6d5') in 0.015785 seconds 
  Import took 0.022871 seconds .

========================================================================
Received Import Request.
  Time since last request: 0.000206 seconds.
  path: Assets/FungusExamples/TheHunter/Audio/Typing/JamesEarlJBot.wav
  artifactKey: Guid(0dc7e509ace954462bc8ab20fcb68d60) Importer(815301076,1909f56bfc062723c751e8b465ee728b)
Start importing Assets/FungusExamples/TheHunter/Audio/Typing/JamesEarlJBot.wav using Guid(0dc7e509ace954462bc8ab20fcb68d60) Importer(815301076,1909f56bfc062723c751e8b465ee728b)  -> (artifact id: 'dd27b13275c5278e0910a92e71b1a934') in 0.016738 seconds 
  Import took 0.022959 seconds .

========================================================================
Received Import Request.
  Time since last request: 0.000197 seconds.
  path: Assets/FungusExamples/TheHunter/Audio/Typing/RobotGossip.wav
  artifactKey: Guid(a7623e252b6a74db79eee3c71b710924) Importer(815301076,1909f56bfc062723c751e8b465ee728b)
Start importing Assets/FungusExamples/TheHunter/Audio/Typing/RobotGossip.wav using Guid(a7623e252b6a74db79eee3c71b710924) Importer(815301076,1909f56bfc062723c751e8b465ee728b)  -> (artifact id: '0d42caff540143194e20b61fe6d8e2aa') in 0.016821 seconds 
  Import took 0.023290 seconds .

========================================================================
Received Import Request.
  Time since last request: 0.000236 seconds.
  path: Assets/FungusExamples/Sherlock/Audio/Emote/Question.wav
  artifactKey: Guid(682fe1817a668354d986bb418c9a75fe) Importer(815301076,1909f56bfc062723c751e8b465ee728b)
Start importing Assets/FungusExamples/Sherlock/Audio/Emote/Question.wav using Guid(682fe1817a668354d986bb418c9a75fe) Importer(815301076,1909f56bfc062723c751e8b465ee728b)  -> (artifact id: '02adf6cc6c7fdc7750ad6b958ca36908') in 0.012360 seconds 
  Import took 0.017384 seconds .

========================================================================
Received Import Request.
  Time since last request: 0.001923 seconds.
  path: Assets/FungusExamples/SayHolds/VO3.mp3
  artifactKey: Guid(f995fd20bd1b22c4083a882ea47ae695) Importer(815301076,1909f56bfc062723c751e8b465ee728b)
Start importing Assets/FungusExamples/SayHolds/VO3.mp3 using Guid(f995fd20bd1b22c4083a882ea47ae695) Importer(815301076,1909f56bfc062723c751e8b465ee728b)  -> (artifact id: '72edd2eee1c3dddb318bb74d4f7bd494') in 0.018897 seconds 
  Import took 0.024943 seconds .

========================================================================
Received Import Request.
  Time since last request: 0.000320 seconds.
  path: Assets/FungusExamples/Sherlock/Audio/Emote/Annoyed.wav
  artifactKey: Guid(61bed2868b732754d8642fd8cf3ea4f1) Importer(815301076,1909f56bfc062723c751e8b465ee728b)
Start importing Assets/FungusExamples/Sherlock/Audio/Emote/Annoyed.wav using Guid(61bed2868b732754d8642fd8cf3ea4f1) Importer(815301076,1909f56bfc062723c751e8b465ee728b)  -> (artifact id: '433cfdc31132889ad933cc6ac2b3fa86') in 0.023999 seconds 
  Import took 0.029488 seconds .

========================================================================
Received Import Request.
  Time since last request: 0.001334 seconds.
  path: Assets/FungusExamples/Sherlock/Audio/GUI/Continue.wav
  artifactKey: Guid(7369647d7e7224eb1ba96356b0b7d38d) Importer(815301076,1909f56bfc062723c751e8b465ee728b)
Start importing Assets/FungusExamples/Sherlock/Audio/GUI/Continue.wav using Guid(7369647d7e7224eb1ba96356b0b7d38d) Importer(815301076,1909f56bfc062723c751e8b465ee728b)  -> (artifact id: 'f4b543b2fc29da8117c643d08ae04712') in 0.018926 seconds 
  Import took 0.023840 seconds .

========================================================================
Received Import Request.
  Time since last request: 0.000180 seconds.
  path: Assets/FungusExamples/TheFacility/Music/CKZ_-_09_-_Youre_Not_Real.mp3
  artifactKey: Guid(8f2a44f9988c2445aa82bed59f677134) Importer(815301076,1909f56bfc062723c751e8b465ee728b)
Start importing Assets/FungusExamples/TheFacility/Music/CKZ_-_09_-_Youre_Not_Real.mp3 using Guid(8f2a44f9988c2445aa82bed59f677134) Importer(815301076,1909f56bfc062723c751e8b465ee728b)  -> (artifact id: 'eab26408d533f58e922817130f745a7d') in 0.020369 seconds 
  Import took 0.031944 seconds .

========================================================================
Received Import Request.
  Time since last request: 0.000176 seconds.
  path: Assets/FungusExamples/JumpingPrax/Music/PraxMusic.mp3
  artifactKey: Guid(19f33067513db4e9cb3a36d5c984bba7) Importer(815301076,1909f56bfc062723c751e8b465ee728b)
Start importing Assets/FungusExamples/JumpingPrax/Music/PraxMusic.mp3 using Guid(19f33067513db4e9cb3a36d5c984bba7) Importer(815301076,1909f56bfc062723c751e8b465ee728b)  -> (artifact id: '0434f6c069d451bad857881148808dfc') in 0.017492 seconds 
  Import took 0.024483 seconds .

========================================================================
Received Import Request.
  Time since last request: 0.000195 seconds.
  path: Assets/FungusExamples/Sherlock/Audio/GUI/SpeechCheck-Fail.wav
  artifactKey: Guid(8b619861be9f614458920a34a125727f) Importer(815301076,1909f56bfc062723c751e8b465ee728b)
Start importing Assets/FungusExamples/Sherlock/Audio/GUI/SpeechCheck-Fail.wav using Guid(8b619861be9f614458920a34a125727f) Importer(815301076,1909f56bfc062723c751e8b465ee728b)  -> (artifact id: 'e310cf3a524ca61df66d01ffa0471f1c') in 0.013554 seconds 
  Import took 0.020013 seconds .

========================================================================
Received Import Request.
  Time since last request: 0.000201 seconds.
  path: Assets/FungusExamples/Sherlock/Audio/GUI/SpeechCheck-Pass.wav
  artifactKey: Guid(f5ffbadf97e0bd24bae41734cf28d2da) Importer(815301076,1909f56bfc062723c751e8b465ee728b)
Start importing Assets/FungusExamples/Sherlock/Audio/GUI/SpeechCheck-Pass.wav using Guid(f5ffbadf97e0bd24bae41734cf28d2da) Importer(815301076,1909f56bfc062723c751e8b465ee728b)  -> (artifact id: 'd5b1af80c86eee4925099d21bdf68a72') in 0.018716 seconds 
  Import took 0.023767 seconds .

========================================================================
Received Import Request.
  Time since last request: 0.000174 seconds.
  path: Assets/FungusExamples/Sherlock/Audio/Emote/Worried.wav
  artifactKey: Guid(476f002f45c7655408b9e7b1fa186f26) Importer(815301076,1909f56bfc062723c751e8b465ee728b)
Start importing Assets/FungusExamples/Sherlock/Audio/Emote/Worried.wav using Guid(476f002f45c7655408b9e7b1fa186f26) Importer(815301076,1909f56bfc062723c751e8b465ee728b)  -> (artifact id: 'f612e1283a8c811782ac4ae610652167') in 0.013227 seconds 
  Import took 0.020872 seconds .

========================================================================
Received Import Request.
  Time since last request: 0.000182 seconds.
  path: Assets/FungusExamples/Sherlock/Audio/Emote/Answer.wav
  artifactKey: Guid(be122d5e134d8fb46a8f0d559bf85f08) Importer(815301076,1909f56bfc062723c751e8b465ee728b)
Start importing Assets/FungusExamples/Sherlock/Audio/Emote/Answer.wav using Guid(be122d5e134d8fb46a8f0d559bf85f08) Importer(815301076,1909f56bfc062723c751e8b465ee728b)  -> (artifact id: '213e1e0bb6d185a375ad22e1f0f00371') in 0.014580 seconds 
  Import took 0.020037 seconds .

========================================================================
Received Import Request.
  Time since last request: 0.000170 seconds.
  path: Assets/FungusExamples/Sherlock/Audio/Emote/Confused.wav
  artifactKey: Guid(2c83109679b046a45a12f2ab05210351) Importer(815301076,1909f56bfc062723c751e8b465ee728b)
Start importing Assets/FungusExamples/Sherlock/Audio/Emote/Confused.wav using Guid(2c83109679b046a45a12f2ab05210351) Importer(815301076,1909f56bfc062723c751e8b465ee728b)  -> (artifact id: '142774b72cd3a7904e6ee209e58a76ee') in 0.016859 seconds 
  Import took 0.021647 seconds .

========================================================================
Received Import Request.
  Time since last request: 0.000163 seconds.
  path: Assets/FungusExamples/Sherlock/Audio/GUI/Stat-Decrease.wav
  artifactKey: Guid(e794f7f8b387c4242a6e1e61f1c85b17) Importer(815301076,1909f56bfc062723c751e8b465ee728b)
Start importing Assets/FungusExamples/Sherlock/Audio/GUI/Stat-Decrease.wav using Guid(e794f7f8b387c4242a6e1e61f1c85b17) Importer(815301076,1909f56bfc062723c751e8b465ee728b)  -> (artifact id: '4ff217748e83397559241c3dbbda1aa4') in 0.013083 seconds 
  Import took 0.018031 seconds .

========================================================================
Received Import Request.
  Time since last request: 0.000178 seconds.
  path: Assets/FungusExamples/TheHunter/Audio/Typing/SqueakyExplanation.wav
  artifactKey: Guid(23e52ab29f28743309c85b6d7bdc8ad6) Importer(815301076,1909f56bfc062723c751e8b465ee728b)
Start importing Assets/FungusExamples/TheHunter/Audio/Typing/SqueakyExplanation.wav using Guid(23e52ab29f28743309c85b6d7bdc8ad6) Importer(815301076,1909f56bfc062723c751e8b465ee728b)  -> (artifact id: '0143ca0143c1aa63e504686e3b47e598') in 0.016478 seconds 
  Import took 0.022034 seconds .

========================================================================
Received Import Request.
  Time since last request: 0.000183 seconds.
  path: Assets/FungusExamples/Sherlock/Audio/Emote/Furious.wav
  artifactKey: Guid(a84a8e1a17e158c48b4d308292df81db) Importer(815301076,1909f56bfc062723c751e8b465ee728b)
Start importing Assets/FungusExamples/Sherlock/Audio/Emote/Furious.wav using Guid(a84a8e1a17e158c48b4d308292df81db) Importer(815301076,1909f56bfc062723c751e8b465ee728b)  -> (artifact id: '72642a37d8e1025858c768ca85968009') in 0.015106 seconds 
  Import took 0.019603 seconds .

========================================================================
Received Import Request.
  Time since last request: 0.000169 seconds.
  path: Assets/FungusExamples/SayHolds/VO1.mp3
  artifactKey: Guid(bcc782f50f1c67842a7b10f1a4a68959) Importer(815301076,1909f56bfc062723c751e8b465ee728b)
Start importing Assets/FungusExamples/SayHolds/VO1.mp3 using Guid(bcc782f50f1c67842a7b10f1a4a68959) Importer(815301076,1909f56bfc062723c751e8b465ee728b)  -> (artifact id: 'ff53368ca8be96a7477f5278e8629c5b') in 0.015954 seconds 
  Import took 0.020388 seconds .

========================================================================
Received Import Request.
  Time since last request: 0.000158 seconds.
  path: Assets/FungusExamples/Sherlock/Audio/GUI/LowVoice.wav
  artifactKey: Guid(c89d9cff88a1247d3be3911553d119a2) Importer(815301076,1909f56bfc062723c751e8b465ee728b)
Start importing Assets/FungusExamples/Sherlock/Audio/GUI/LowVoice.wav using Guid(c89d9cff88a1247d3be3911553d119a2) Importer(815301076,1909f56bfc062723c751e8b465ee728b)  -> (artifact id: '457f601354ed2a87ed759595a5a3818c') in 0.011554 seconds 
  Import took 0.016802 seconds .

========================================================================
Received Import Request.
  Time since last request: 0.000166 seconds.
  path: Assets/FungusExamples/SayHolds/VO2.mp3
  artifactKey: Guid(d389acad13a64274fa4f6c67282b8c8e) Importer(815301076,1909f56bfc062723c751e8b465ee728b)
Start importing Assets/FungusExamples/SayHolds/VO2.mp3 using Guid(d389acad13a64274fa4f6c67282b8c8e) Importer(815301076,1909f56bfc062723c751e8b465ee728b)  -> (artifact id: 'ac88774df8356ea6178c3fd6efb663a0') in 0.017215 seconds 
  Import took 0.025851 seconds .

========================================================================
Received Import Request.
  Time since last request: 0.000191 seconds.
  path: Assets/FungusExamples/Sherlock/Audio/GUI/Stat-100.wav
  artifactKey: Guid(753c104435015c240a34199227ab10be) Importer(815301076,1909f56bfc062723c751e8b465ee728b)
Start importing Assets/FungusExamples/Sherlock/Audio/GUI/Stat-100.wav using Guid(753c104435015c240a34199227ab10be) Importer(815301076,1909f56bfc062723c751e8b465ee728b)  -> (artifact id: '59d1900b5a2e1c7e107e72bd8bffb6fb') in 0.016420 seconds 
  Import took 0.020916 seconds .

========================================================================
Received Import Request.
  Time since last request: 0.000164 seconds.
  path: Assets/FungusExamples/Sherlock/Audio/GUI/HighVoice.wav
  artifactKey: Guid(8e8286c2463884bbaa62cddbee8c7cb3) Importer(815301076,1909f56bfc062723c751e8b465ee728b)
Start importing Assets/FungusExamples/Sherlock/Audio/GUI/HighVoice.wav using Guid(8e8286c2463884bbaa62cddbee8c7cb3) Importer(815301076,1909f56bfc062723c751e8b465ee728b)  -> (artifact id: 'e64662e2638a0059607658e022699b6c') in 0.012821 seconds 
  Import took 0.018008 seconds .

========================================================================
Received Import Request.
  Time since last request: 0.000255 seconds.
  path: Assets/FungusExamples/Sherlock/Audio/Emote/Realize.wav
  artifactKey: Guid(40c43dcdccf69ed46b85dd1dc5566184) Importer(815301076,1909f56bfc062723c751e8b465ee728b)
Start importing Assets/FungusExamples/Sherlock/Audio/Emote/Realize.wav using Guid(40c43dcdccf69ed46b85dd1dc5566184) Importer(815301076,1909f56bfc062723c751e8b465ee728b)  -> (artifact id: 'd9c63e4420625b9a28ea78d95c4e6dae') in 0.014550 seconds 
  Import took 0.020022 seconds .

========================================================================
Received Import Request.
  Time since last request: 0.000220 seconds.
  path: Assets/FungusExamples/Sherlock/Audio/Emote/Shout.wav
  artifactKey: Guid(08ed144a85c2c844ab568517982e0924) Importer(815301076,1909f56bfc062723c751e8b465ee728b)
Start importing Assets/FungusExamples/Sherlock/Audio/Emote/Shout.wav using Guid(08ed144a85c2c844ab568517982e0924) Importer(815301076,1909f56bfc062723c751e8b465ee728b)  -> (artifact id: 'a186fdc806104b047fccb2240302db6a') in 0.016167 seconds 
  Import took 0.023522 seconds .

========================================================================
Received Import Request.
  Time since last request: 0.000167 seconds.
  path: Assets/FungusExamples/Sherlock/Audio/GUI/WritingSound.wav
  artifactKey: Guid(849f5fa7fe21b4d468d1858b6d1eb800) Importer(815301076,1909f56bfc062723c751e8b465ee728b)
Start importing Assets/FungusExamples/Sherlock/Audio/GUI/WritingSound.wav using Guid(849f5fa7fe21b4d468d1858b6d1eb800) Importer(815301076,1909f56bfc062723c751e8b465ee728b)  -> (artifact id: '521a69d5d9f7812f8cd6ed71a9ab3a30') in 0.015646 seconds 
  Import took 0.021242 seconds .

========================================================================
Received Import Request.
  Time since last request: 0.000175 seconds.
  path: Assets/FungusExamples/Sherlock/Audio/Emote/Scared.wav
  artifactKey: Guid(70f3ad5c22ae4f442a18b2784b073d44) Importer(815301076,1909f56bfc062723c751e8b465ee728b)
Start importing Assets/FungusExamples/Sherlock/Audio/Emote/Scared.wav using Guid(70f3ad5c22ae4f442a18b2784b073d44) Importer(815301076,1909f56bfc062723c751e8b465ee728b)  -> (artifact id: 'd38aa358e9bfeb8111e1b82815806148') in 0.015370 seconds 
  Import took 0.020515 seconds .

========================================================================
Received Import Request.
  Time since last request: 0.000182 seconds.
  path: Assets/FungusExamples/Sherlock/Audio/GUI/Paper.wav
  artifactKey: Guid(9e747544e092d9543b6d81b14434358e) Importer(815301076,1909f56bfc062723c751e8b465ee728b)
Start importing Assets/FungusExamples/Sherlock/Audio/GUI/Paper.wav using Guid(9e747544e092d9543b6d81b14434358e) Importer(815301076,1909f56bfc062723c751e8b465ee728b)  -> (artifact id: 'f411d0eac1bcb89904bd564562ad3624') in 0.015329 seconds 
  Import took 0.023148 seconds .

========================================================================
Received Import Request.
  Time since last request: 0.000206 seconds.
  path: Assets/Fungus/Audio/Click2.wav
  artifactKey: Guid(14a396b1562834718b2d52b9c4639264) Importer(815301076,1909f56bfc062723c751e8b465ee728b)
Start importing Assets/Fungus/Audio/Click2.wav using Guid(14a396b1562834718b2d52b9c4639264) Importer(815301076,1909f56bfc062723c751e8b465ee728b)  -> (artifact id: 'a76804463e2b8e9553d25881ddd95030') in 0.017394 seconds 
  Import took 0.023712 seconds .

========================================================================
Received Import Request.
  Time since last request: 0.000198 seconds.
  path: Assets/FungusExamples/MonoBehEvents/Hit_Hurt10.wav
  artifactKey: Guid(c05250d33e43ca04788384771b988143) Importer(815301076,1909f56bfc062723c751e8b465ee728b)
Start importing Assets/FungusExamples/MonoBehEvents/Hit_Hurt10.wav using Guid(c05250d33e43ca04788384771b988143) Importer(815301076,1909f56bfc062723c751e8b465ee728b)  -> (artifact id: '5c0d65693cfdcc60b1d83aaac59061eb') in 0.012898 seconds 
  Import took 0.019433 seconds .

========================================================================
Received Import Request.
  Time since last request: 0.000217 seconds.
  path: Assets/Fungus/Audio/Click.wav
  artifactKey: Guid(c18ae2c530c264a6880266d5e0a71337) Importer(815301076,1909f56bfc062723c751e8b465ee728b)
Start importing Assets/Fungus/Audio/Click.wav using Guid(c18ae2c530c264a6880266d5e0a71337) Importer(815301076,1909f56bfc062723c751e8b465ee728b)  -> (artifact id: 'c0ab7bd73160d8da7aec10885377fdc8') in 0.015425 seconds 
  Import took 0.021312 seconds .

========================================================================
Received Import Request.
  Time since last request: 0.000170 seconds.
  path: Assets/FungusExamples/TheHunter/Audio/Typing/AngryGiantInsect.wav
  artifactKey: Guid(6ef46b89a24b74a14afd5145a28fc4fc) Importer(815301076,1909f56bfc062723c751e8b465ee728b)
Start importing Assets/FungusExamples/TheHunter/Audio/Typing/AngryGiantInsect.wav using Guid(6ef46b89a24b74a14afd5145a28fc4fc) Importer(815301076,1909f56bfc062723c751e8b465ee728b)  -> (artifact id: 'bda5f77b5c8df2f3e5f58a86a9189573') in 0.016989 seconds 
  Import took 0.021243 seconds .

========================================================================
Received Import Request.
  Time since last request: 0.000187 seconds.
  path: Assets/FungusExamples/Sherlock/Audio/Emote/Shocked.wav
  artifactKey: Guid(d64bcc814caf23c41ba706c2d4f06724) Importer(815301076,1909f56bfc062723c751e8b465ee728b)
Start importing Assets/FungusExamples/Sherlock/Audio/Emote/Shocked.wav using Guid(d64bcc814caf23c41ba706c2d4f06724) Importer(815301076,1909f56bfc062723c751e8b465ee728b)  -> (artifact id: '02bf666d0cfe47d59bf9d157a568d59b') in 0.015432 seconds 
  Import took 0.019668 seconds .

========================================================================
Received Import Request.
  Time since last request: 0.000180 seconds.
  path: Assets/FungusExamples/TheHunter/Audio/Typing/SlightlyAnnoyedComputer.wav
  artifactKey: Guid(9b3be2062b59848a2bd178f5748b386d) Importer(815301076,1909f56bfc062723c751e8b465ee728b)
Start importing Assets/FungusExamples/TheHunter/Audio/Typing/SlightlyAnnoyedComputer.wav using Guid(9b3be2062b59848a2bd178f5748b386d) Importer(815301076,1909f56bfc062723c751e8b465ee728b)  -> (artifact id: '669c8c60d480e3f14300d2532d2e595f') in 0.015706 seconds 
  Import took 0.020819 seconds .

========================================================================
Received Import Request.
  Time since last request: 0.000190 seconds.
  path: Assets/FungusExamples/Sherlock/Audio/GUI/MidVoice.wav
  artifactKey: Guid(1a1543b7873994f51911c9766dd6d83f) Importer(815301076,1909f56bfc062723c751e8b465ee728b)
Start importing Assets/FungusExamples/Sherlock/Audio/GUI/MidVoice.wav using Guid(1a1543b7873994f51911c9766dd6d83f) Importer(815301076,1909f56bfc062723c751e8b465ee728b)  -> (artifact id: 'abcaae1b7af50a9d6792451f07c24af0') in 0.012811 seconds 
  Import took 0.021614 seconds .

========================================================================
Received Import Request.
  Time since last request: 0.000192 seconds.
  path: Assets/FungusExamples/Sherlock/Audio/music/Eliminate the Impossible.ogg
  artifactKey: Guid(f3c866bbc4639e7409c30c71736d84a6) Importer(815301076,1909f56bfc062723c751e8b465ee728b)
Start importing Assets/FungusExamples/Sherlock/Audio/music/Eliminate the Impossible.ogg using Guid(f3c866bbc4639e7409c30c71736d84a6) Importer(815301076,1909f56bfc062723c751e8b465ee728b)  -> (artifact id: '5e8da1c09d0276325e9a469eb0d61934') in 0.018496 seconds 
  Import took 0.023834 seconds .

========================================================================
Received Import Request.
  Time since last request: 0.000178 seconds.
  path: Assets/FungusExamples/Sherlock/Audio/GUI/Stat-0.wav
  artifactKey: Guid(c467b39701f3e0644b3361508f474021) Importer(815301076,1909f56bfc062723c751e8b465ee728b)
Start importing Assets/FungusExamples/Sherlock/Audio/GUI/Stat-0.wav using Guid(c467b39701f3e0644b3361508f474021) Importer(815301076,1909f56bfc062723c751e8b465ee728b)  -> (artifact id: '9c089dc4686c8007d554d10dc0849a2c') in 0.015158 seconds 
  Import took 0.019753 seconds .

========================================================================
Received Import Request.
  Time since last request: 0.000296 seconds.
  path: Assets/FungusExamples/Sherlock/Audio/Emote/Pleased.wav
  artifactKey: Guid(cf4986a7000bafc498f65f9d71ab28d1) Importer(815301076,1909f56bfc062723c751e8b465ee728b)
Start importing Assets/FungusExamples/Sherlock/Audio/Emote/Pleased.wav using Guid(cf4986a7000bafc498f65f9d71ab28d1) Importer(815301076,1909f56bfc062723c751e8b465ee728b)  -> (artifact id: 'd1ff60c940a5485673a494cf12e88b0c') in 0.014681 seconds 
  Import took 0.021560 seconds .

========================================================================
Received Import Request.
  Time since last request: 0.000210 seconds.
  path: Assets/FungusExamples/TheHunter/Audio/Music.mp3
  artifactKey: Guid(d858bb0968ae746b0a6801434b848b69) Importer(815301076,1909f56bfc062723c751e8b465ee728b)
Start importing Assets/FungusExamples/TheHunter/Audio/Music.mp3 using Guid(d858bb0968ae746b0a6801434b848b69) Importer(815301076,1909f56bfc062723c751e8b465ee728b)  -> (artifact id: '3e262deaf6eb9c89ed1194b29f8a8796') in 0.014191 seconds 
  Import took 0.018931 seconds .

========================================================================
Received Import Request.
  Time since last request: 0.000266 seconds.
  path: Assets/FungusExamples/Sherlock/Audio/Emote/Clue.wav
  artifactKey: Guid(72d43fdfb85cbb04187e145717cfc970) Importer(815301076,1909f56bfc062723c751e8b465ee728b)
Start importing Assets/FungusExamples/Sherlock/Audio/Emote/Clue.wav using Guid(72d43fdfb85cbb04187e145717cfc970) Importer(815301076,1909f56bfc062723c751e8b465ee728b)  -> (artifact id: 'bdd43386c5db7db93c46b796d53369c0') in 0.018742 seconds 
  Import took 0.023990 seconds .

========================================================================
Received Import Request.
  Time since last request: 0.000194 seconds.
  path: Assets/FungusExamples/Sherlock/Audio/GUI/Stat-Increase.wav
  artifactKey: Guid(bae673dd6cc6a3a4bba065590ad3e41c) Importer(815301076,1909f56bfc062723c751e8b465ee728b)
Start importing Assets/FungusExamples/Sherlock/Audio/GUI/Stat-Increase.wav using Guid(bae673dd6cc6a3a4bba065590ad3e41c) Importer(815301076,1909f56bfc062723c751e8b465ee728b)  -> (artifact id: '9589b23f1e45f114e80b88a2ecb230b9') in 0.012877 seconds 
  Import took 0.017362 seconds .

========================================================================
Received Import Request.
  Time since last request: 0.000161 seconds.
  path: Assets/FungusExamples/TheHunter/Audio/Typing/JiminyC.wav
  artifactKey: Guid(124184555ec434aa68814be3bd116c26) Importer(815301076,1909f56bfc062723c751e8b465ee728b)
Start importing Assets/FungusExamples/TheHunter/Audio/Typing/JiminyC.wav using Guid(124184555ec434aa68814be3bd116c26) Importer(815301076,1909f56bfc062723c751e8b465ee728b)  -> (artifact id: 'b253c0aa3f5b40db9493b96643c2b4ee') in 0.015290 seconds 
  Import took 0.024685 seconds .

========================================================================
Received Import Request.
  Time since last request: 0.000186 seconds.
  path: Assets/FungusExamples/TheHunter/Audio/Typing/UnderwaterMorse.wav
  artifactKey: Guid(d51030c566c134c038723aab62eeb832) Importer(815301076,1909f56bfc062723c751e8b465ee728b)
Start importing Assets/FungusExamples/TheHunter/Audio/Typing/UnderwaterMorse.wav using Guid(d51030c566c134c038723aab62eeb832) Importer(815301076,1909f56bfc062723c751e8b465ee728b)  -> (artifact id: '88f3a9305f3023992b4d0eefa90b438e') in 0.018440 seconds 
  Import took 0.022985 seconds .

========================================================================
Received Import Request.
  Time since last request: 17.517862 seconds.
  path: Assets/FungusExamples
  artifactKey: Guid(8a377917380804e64ac98abb2ce7ef57) Importer(815301076,1909f56bfc062723c751e8b465ee728b)
Start importing Assets/FungusExamples using Guid(8a377917380804e64ac98abb2ce7ef57) Importer(815301076,1909f56bfc062723c751e8b465ee728b)  -> (artifact id: '68f23e72b82cfefad5a67205a4750ba5') in 0.007398 seconds 
  Import took 0.014680 seconds .

========================================================================
Received Import Request.
  Time since last request: 4.453952 seconds.
  path: Assets/Fungus/Audio
  artifactKey: Guid(50aeb1f91c7cf484e85d48c7370e926f) Importer(815301076,1909f56bfc062723c751e8b465ee728b)
Start importing Assets/Fungus/Audio using Guid(50aeb1f91c7cf484e85d48c7370e926f) Importer(815301076,1909f56bfc062723c751e8b465ee728b)  -> (artifact id: '145a6f7c7f7e171faf67461a57dff0d3') in 0.006434 seconds 
  Import took 0.012200 seconds .

========================================================================
Received Import Request.
  Time since last request: 545.933112 seconds.
  path: Assets
  artifactKey: Guid(00000000000000001000000000000000) Importer(815301076,1909f56bfc062723c751e8b465ee728b)
Start importing Assets using Guid(00000000000000001000000000000000) Importer(815301076,1909f56bfc062723c751e8b465ee728b)  -> (artifact id: '42d402b061de3733987d63b9cc3b64de') in 0.008346 seconds 
  Import took 0.014529 seconds .

========================================================================
Received Import Request.
  Time since last request: 4.782000 seconds.
  path: Assets/Prefabs
  artifactKey: Guid(246e3b39868caed439efe5005f4e3468) Importer(815301076,1909f56bfc062723c751e8b465ee728b)
Start importing Assets/Prefabs using Guid(246e3b39868caed439efe5005f4e3468) Importer(815301076,1909f56bfc062723c751e8b465ee728b)  -> (artifact id: 'bbec9c9392c918b08f66aeb6d6c57a33') in 0.007696 seconds 
  Import took 0.013284 seconds .

========================================================================
Received Import Request.
  Time since last request: 3.921285 seconds.
  path: Assets/Sounds
  artifactKey: Guid(973f98e5e4d07df4bbd42310683ef886) Importer(815301076,1909f56bfc062723c751e8b465ee728b)
Start importing Assets/Sounds using Guid(973f98e5e4d07df4bbd42310683ef886) Importer(815301076,1909f56bfc062723c751e8b465ee728b)  -> (artifact id: 'e5f3f5f699b56ed78e923bf114d9c61a') in 0.007328 seconds 
  Import took 0.013196 seconds .

========================================================================
Received Import Request.
  Time since last request: 5.187965 seconds.
  path: Assets/Scripts
  artifactKey: Guid(afd132ff3ff3cdd47b74706bc811494b) Importer(815301076,1909f56bfc062723c751e8b465ee728b)
Start importing Assets/Scripts using Guid(afd132ff3ff3cdd47b74706bc811494b) Importer(815301076,1909f56bfc062723c751e8b465ee728b)  -> (artifact id: '437d7c2761d341161c557c8a80ecf88e') in 0.006893 seconds 
  Import took 0.013096 seconds .

========================================================================
Received Import Request.
  Time since last request: 161.098337 seconds.
  path: Assets/Prefabs/Letter.prefab
  artifactKey: Guid(eaffcff22736f5144b34041b3d91caf9) Importer(815301076,1909f56bfc062723c751e8b465ee728b)
Start importing Assets/Prefabs/Letter.prefab using Guid(eaffcff22736f5144b34041b3d91caf9) Importer(815301076,1909f56bfc062723c751e8b465ee728b)  -> (artifact id: '8ad862e8375d4a85e4cbb8c5d1bd3158') in 0.063335 seconds 
  Import took 0.068061 seconds .

========================================================================
Received Prepare
Registering precompiled user dll's ...
Registered in 0.006732 seconds.
Begin MonoManager ReloadAssembly
Native extension for WindowsStandalone target not found
Refreshing native plugins compatible for Editor in 0.59 ms, found 2 plugins.
Preloading 0 native plugins for Editor in 0.00 ms.
Mono: successfully reloaded assembly
- Completed reload, in  1.289 seconds
Domain Reload Profiling:
	ReloadAssembly (1290ms)
		BeginReloadAssembly (158ms)
			ExecutionOrderSort (0ms)
			DisableScriptedObjects (6ms)
			BackupInstance (0ms)
			ReleaseScriptingObjects (0ms)
			CreateAndSetChildDomain (43ms)
		EndReloadAssembly (1063ms)
			LoadAssemblies (148ms)
			RebuildTransferFunctionScriptingTraits (0ms)
			SetupTypeCache (398ms)
			ReleaseScriptCaches (1ms)
			RebuildScriptCaches (52ms)
			SetupLoadedEditorAssemblies (378ms)
				LogAssemblyErrors (0ms)
				InitializePlatformSupportModulesInManaged (7ms)
				SetLoadedEditorAssemblies (1ms)
				RefreshPlugins (1ms)
				BeforeProcessingInitializeOnLoad (92ms)
				ProcessInitializeOnLoadAttributes (263ms)
				ProcessInitializeOnLoadMethodAttributes (11ms)
				AfterProcessingInitializeOnLoad (3ms)
				EditorAssembliesLoaded (0ms)
			ExecutionOrderSort2 (0ms)
			AwakeInstancesAfterBackupRestoration (8ms)
Platform modules already initialized, skipping
Refreshing native plugins compatible for Editor in 0.52 ms, found 2 plugins.
Preloading 0 native plugins for Editor in 0.00 ms.
Unloading 2703 Unused Serialized files (Serialized files now loaded: 0)
System memory in use before: 110.2 MB.
System memory in use after: 110.4 MB.

Unloading 17 unused Assets to reduce memory usage. Loaded Objects now: 3189.
Total: 4.315700 ms (FindLiveObjects: 0.266000 ms CreateObjectMapping: 0.208500 ms MarkObjects: 3.757200 ms  DeleteObjects: 0.082100 ms)

AssetImportParameters requested are different than current active one (requested -> active):
  custom:framework-win-MediaFoundation: 216162199b28c13a410421893ffa2e32 -> 
  custom:video-decoder-ogg-theora: a1e56fd34408186e4bbccfd4996cb3dc -> 
  custom:container-muxer-webm: aa71ff27fc2769a1b78a27578f13a17b -> 
  custom:container-demuxer-webm: 4f35f7cbe854078d1ac9338744f61a02 -> 
  custom:container-demuxer-ogg: 62fdf1f143b41e24485cea50d1cbac27 -> 
  custom:video-encoder-webm-vp8: eb34c28f22e8b96e1ab97ce403110664 -> 
  custom:video-decoder-webm-vp8: 9c59270c3fd7afecdb556c50c9e8de78 -> 
  custom:audio-decoder-ogg-vorbis: bf7c407c2cedff20999df2af8eb42d56 -> 
  custom:audio-encoder-webm-vorbis: bf7c407c2cedff20999df2af8eb42d56 -> 
========================================================================
Received Prepare
Registering precompiled user dll's ...
Registered in 0.005010 seconds.
Begin MonoManager ReloadAssembly
Native extension for WindowsStandalone target not found
Refreshing native plugins compatible for Editor in 0.68 ms, found 2 plugins.
Preloading 0 native plugins for Editor in 0.00 ms.
Mono: successfully reloaded assembly
- Completed reload, in  1.251 seconds
Domain Reload Profiling:
	ReloadAssembly (1251ms)
		BeginReloadAssembly (160ms)
			ExecutionOrderSort (0ms)
			DisableScriptedObjects (5ms)
			BackupInstance (0ms)
			ReleaseScriptingObjects (0ms)
			CreateAndSetChildDomain (43ms)
		EndReloadAssembly (1028ms)
			LoadAssemblies (134ms)
			RebuildTransferFunctionScriptingTraits (0ms)
			SetupTypeCache (374ms)
			ReleaseScriptCaches (1ms)
			RebuildScriptCaches (53ms)
			SetupLoadedEditorAssemblies (378ms)
				LogAssemblyErrors (0ms)
				InitializePlatformSupportModulesInManaged (6ms)
				SetLoadedEditorAssemblies (1ms)
				RefreshPlugins (1ms)
				BeforeProcessingInitializeOnLoad (81ms)
				ProcessInitializeOnLoadAttributes (276ms)
				ProcessInitializeOnLoadMethodAttributes (11ms)
				AfterProcessingInitializeOnLoad (3ms)
				EditorAssembliesLoaded (0ms)
			ExecutionOrderSort2 (0ms)
			AwakeInstancesAfterBackupRestoration (9ms)
Platform modules already initialized, skipping
Refreshing native plugins compatible for Editor in 0.59 ms, found 2 plugins.
Preloading 0 native plugins for Editor in 0.00 ms.
Unloading 2703 Unused Serialized files (Serialized files now loaded: 0)
System memory in use before: 110.3 MB.
System memory in use after: 110.5 MB.

Unloading 16 unused Assets to reduce memory usage. Loaded Objects now: 3191.
Total: 4.062200 ms (FindLiveObjects: 0.283900 ms CreateObjectMapping: 0.170000 ms MarkObjects: 3.522800 ms  DeleteObjects: 0.084500 ms)

AssetImportParameters requested are different than current active one (requested -> active):
  custom:framework-win-MediaFoundation: 216162199b28c13a410421893ffa2e32 -> 
  custom:video-decoder-ogg-theora: a1e56fd34408186e4bbccfd4996cb3dc -> 
  custom:container-muxer-webm: aa71ff27fc2769a1b78a27578f13a17b -> 
  custom:container-demuxer-webm: 4f35f7cbe854078d1ac9338744f61a02 -> 
  custom:container-demuxer-ogg: 62fdf1f143b41e24485cea50d1cbac27 -> 
  custom:video-encoder-webm-vp8: eb34c28f22e8b96e1ab97ce403110664 -> 
  custom:video-decoder-webm-vp8: 9c59270c3fd7afecdb556c50c9e8de78 -> 
  custom:audio-decoder-ogg-vorbis: bf7c407c2cedff20999df2af8eb42d56 -> 
  custom:audio-encoder-webm-vorbis: bf7c407c2cedff20999df2af8eb42d56 -> 
