Using pre-set license
Built from '2020.3/staging' branch; Version is '2020.3.22f1 (e1a7f79fd887) revision 14788599'; Using compiler version '192528614'; Build Type 'Release'
OS: 'Windows 10 Home; OS build 19044.1645; Version 2009; 64bit' Language: 'en' Physical Memory: 32688 MB
BatchMode: 1, IsHumanControllingUs: 0, StartBugReporterOnCrash: 0, Is64bit: 1, IsPro: 0

COMMAND LINE ARGUMENTS:
D:\Unity\2020.3.22f1\Editor\Unity.exe
-adb2
-batchMode
-noUpm
-name
AssetImportWorker0
-projectPath
H:/Creative Outlets/Game Jam/game-jam
-logFile
Logs/AssetImportWorker0.log
-srvPort
52328
Successfully changed project path to: H:/Creative Outlets/Game Jam/game-jam
H:/Creative Outlets/Game Jam/game-jam
Using Asset Import Pipeline V2.
Refreshing native plugins compatible for Editor in 151.22 ms, found 2 plugins.
Preloading 0 native plugins for Editor in 0.00 ms.
Initialize engine version: 2020.3.22f1 (e1a7f79fd887)
[Subsystems] Discovering subsystems at path D:/Unity/2020.3.22f1/Editor/Data/Resources/UnitySubsystems
[Subsystems] Discovering subsystems at path H:/Creative Outlets/Game Jam/game-jam/Assets
GfxDevice: creating device client; threaded=0
Direct3D:
    Version:  Direct3D 11.0 [level 11.1]
    Renderer: NVIDIA GeForce GTX 1060 6GB (ID=0x1c03)
    Vendor:   
    VRAM:     6052 MB
    Driver:   30.0.15.1215
Initialize mono
Mono path[0] = 'D:/Unity/2020.3.22f1/Editor/Data/Managed'
Mono path[1] = 'D:/Unity/2020.3.22f1/Editor/Data/MonoBleedingEdge/lib/mono/unityjit'
Mono config path = 'D:/Unity/2020.3.22f1/Editor/Data/MonoBleedingEdge/etc'
Using monoOptions --debugger-agent=transport=dt_socket,embedding=1,server=y,suspend=n,address=127.0.0.1:56320
Begin MonoManager ReloadAssembly
Registering precompiled unity dll's ...
Register platform support module: D:/Unity/2020.3.22f1/Editor/Data/PlaybackEngines/WindowsStandaloneSupport/UnityEditor.WindowsStandalone.Extensions.dll
Registered in 0.002444 seconds.
Native extension for WindowsStandalone target not found
Refreshing native plugins compatible for Editor in 57.48 ms, found 2 plugins.
Preloading 0 native plugins for Editor in 0.00 ms.
Mono: successfully reloaded assembly
- Completed reload, in  1.541 seconds
Domain Reload Profiling:
	ReloadAssembly (1542ms)
		BeginReloadAssembly (91ms)
			ExecutionOrderSort (0ms)
			DisableScriptedObjects (0ms)
			BackupInstance (0ms)
			ReleaseScriptingObjects (0ms)
			CreateAndSetChildDomain (1ms)
		EndReloadAssembly (550ms)
			LoadAssemblies (92ms)
			RebuildTransferFunctionScriptingTraits (0ms)
			SetupTypeCache (193ms)
			ReleaseScriptCaches (0ms)
			RebuildScriptCaches (39ms)
			SetupLoadedEditorAssemblies (204ms)
				LogAssemblyErrors (0ms)
				InitializePlatformSupportModulesInManaged (4ms)
				SetLoadedEditorAssemblies (0ms)
				RefreshPlugins (58ms)
				BeforeProcessingInitializeOnLoad (19ms)
				ProcessInitializeOnLoadAttributes (91ms)
				ProcessInitializeOnLoadMethodAttributes (31ms)
				AfterProcessingInitializeOnLoad (0ms)
				EditorAssembliesLoaded (0ms)
			ExecutionOrderSort2 (0ms)
			AwakeInstancesAfterBackupRestoration (0ms)
Platform modules already initialized, skipping
Registering precompiled user dll's ...
Registered in 0.006256 seconds.
Begin MonoManager ReloadAssembly
Native extension for WindowsStandalone target not found
Refreshing native plugins compatible for Editor in 61.63 ms, found 2 plugins.
Preloading 0 native plugins for Editor in 0.00 ms.
Mono: successfully reloaded assembly
- Completed reload, in  1.516 seconds
Domain Reload Profiling:
	ReloadAssembly (1518ms)
		BeginReloadAssembly (198ms)
			ExecutionOrderSort (0ms)
			DisableScriptedObjects (5ms)
			BackupInstance (0ms)
			ReleaseScriptingObjects (0ms)
			CreateAndSetChildDomain (25ms)
		EndReloadAssembly (1247ms)
			LoadAssemblies (158ms)
			RebuildTransferFunctionScriptingTraits (0ms)
			SetupTypeCache (395ms)
			ReleaseScriptCaches (1ms)
			RebuildScriptCaches (85ms)
			SetupLoadedEditorAssemblies (486ms)
				LogAssemblyErrors (0ms)
				InitializePlatformSupportModulesInManaged (6ms)
				SetLoadedEditorAssemblies (0ms)
				RefreshPlugins (62ms)
				BeforeProcessingInitializeOnLoad (93ms)
				ProcessInitializeOnLoadAttributes (310ms)
				ProcessInitializeOnLoadMethodAttributes (12ms)
				AfterProcessingInitializeOnLoad (3ms)
				EditorAssembliesLoaded (0ms)
			ExecutionOrderSort2 (0ms)
			AwakeInstancesAfterBackupRestoration (12ms)
Platform modules already initialized, skipping
========================================================================
Worker process is ready to serve import requests
Launched and connected shader compiler UnityShaderCompiler.exe after 0.09 seconds
Refreshing native plugins compatible for Editor in 0.54 ms, found 2 plugins.
Preloading 0 native plugins for Editor in 0.00 ms.
Unloading 2745 Unused Serialized files (Serialized files now loaded: 0)
System memory in use before: 110.9 MB.
System memory in use after: 111.0 MB.

Unloading 21 unused Assets to reduce memory usage. Loaded Objects now: 3178.
Total: 3.877500 ms (FindLiveObjects: 0.361100 ms CreateObjectMapping: 0.178900 ms MarkObjects: 3.230400 ms  DeleteObjects: 0.106000 ms)

AssetImportParameters requested are different than current active one (requested -> active):
  custom:framework-win-MediaFoundation: 216162199b28c13a410421893ffa2e32 -> 
  custom:video-decoder-ogg-theora: a1e56fd34408186e4bbccfd4996cb3dc -> 
  custom:container-muxer-webm: aa71ff27fc2769a1b78a27578f13a17b -> 
  custom:container-demuxer-webm: 4f35f7cbe854078d1ac9338744f61a02 -> 
  custom:container-demuxer-ogg: 62fdf1f143b41e24485cea50d1cbac27 -> 
  custom:video-encoder-webm-vp8: eb34c28f22e8b96e1ab97ce403110664 -> 
  custom:video-decoder-webm-vp8: 9c59270c3fd7afecdb556c50c9e8de78 -> 
  custom:audio-decoder-ogg-vorbis: bf7c407c2cedff20999df2af8eb42d56 -> 
  custom:audio-encoder-webm-vorbis: bf7c407c2cedff20999df2af8eb42d56 -> 
========================================================================
Received Import Request.
  path: Assets/Scenes/SampleScene.unity
  artifactKey: Guid(9fc0d4010bbf28b4594072e72b8655ab) Importer(815301076,1909f56bfc062723c751e8b465ee728b)
Start importing Assets/Scenes/SampleScene.unity using Guid(9fc0d4010bbf28b4594072e72b8655ab) Importer(815301076,1909f56bfc062723c751e8b465ee728b)  -> (artifact id: '8b71c38e2cc4186d36fd725a7f07d048') in 0.023954 seconds 
  Import took 0.030289 seconds .

========================================================================
Received Import Request.
  Time since last request: 630.443505 seconds.
  path: Assets/FungusExamples/Sherlock/Audio/Emote/Angry.wav
  artifactKey: Guid(e15cd033e8242884fa44bbbffb3635e4) Importer(815301076,1909f56bfc062723c751e8b465ee728b)
Start importing Assets/FungusExamples/Sherlock/Audio/Emote/Angry.wav using Guid(e15cd033e8242884fa44bbbffb3635e4) Importer(815301076,1909f56bfc062723c751e8b465ee728b)  -> (artifact id: '9096c421d0fdaab7674a2ea298b7e896') in 0.126466 seconds 
  Import took 0.132330 seconds .

========================================================================
Received Import Request.
  Time since last request: 0.000214 seconds.
  path: Assets/FungusExamples/Sherlock/Audio/GUI/TypingSound.wav
  artifactKey: Guid(07ae66b691a7c4097b8b74cdcc617b22) Importer(815301076,1909f56bfc062723c751e8b465ee728b)
Start importing Assets/FungusExamples/Sherlock/Audio/GUI/TypingSound.wav using Guid(07ae66b691a7c4097b8b74cdcc617b22) Importer(815301076,1909f56bfc062723c751e8b465ee728b)  -> (artifact id: 'f1d9db5f5ed7e84bfa2ba49a6cf6ac63') in 0.021804 seconds 
  Import took 0.028158 seconds .

========================================================================
Received Import Request.
  Time since last request: 0.000199 seconds.
  path: Assets/Fungus/Audio/HighVoice.wav
  artifactKey: Guid(774486030b696474e8b3cf7f178123da) Importer(815301076,1909f56bfc062723c751e8b465ee728b)
Start importing Assets/Fungus/Audio/HighVoice.wav using Guid(774486030b696474e8b3cf7f178123da) Importer(815301076,1909f56bfc062723c751e8b465ee728b)  -> (artifact id: '52d87f2200b6c46ac9105a70bf1598bb') in 0.028274 seconds 
  Import took 0.034654 seconds .

========================================================================
Received Import Request.
  Time since last request: 0.000174 seconds.
  path: Assets/Fungus/Audio/LowVoice.wav
  artifactKey: Guid(c53b7c20372e444c6bd7f2ac0729bbe2) Importer(815301076,1909f56bfc062723c751e8b465ee728b)
Start importing Assets/Fungus/Audio/LowVoice.wav using Guid(c53b7c20372e444c6bd7f2ac0729bbe2) Importer(815301076,1909f56bfc062723c751e8b465ee728b)  -> (artifact id: 'c409a48fe2191cad2d5cc84237fffecb') in 0.014259 seconds 
  Import took 0.019768 seconds .

========================================================================
Received Import Request.
  Time since last request: 0.000179 seconds.
  path: Assets/Fungus/Audio/MidVoice.wav
  artifactKey: Guid(f637c5ce9d10e45c7855ed89bfc6b97e) Importer(815301076,1909f56bfc062723c751e8b465ee728b)
Start importing Assets/Fungus/Audio/MidVoice.wav using Guid(f637c5ce9d10e45c7855ed89bfc6b97e) Importer(815301076,1909f56bfc062723c751e8b465ee728b)  -> (artifact id: 'ba44f87aa802fd9076464a28b5488b7a') in 0.021132 seconds 
  Import took 0.028410 seconds .

========================================================================
Received Import Request.
  Time since last request: 0.000187 seconds.
  path: Assets/FungusExamples/TheHunter/Audio/BearRoar.wav
  artifactKey: Guid(18fb463864893c4448e279b69f998d7b) Importer(815301076,1909f56bfc062723c751e8b465ee728b)
Start importing Assets/FungusExamples/TheHunter/Audio/BearRoar.wav using Guid(18fb463864893c4448e279b69f998d7b) Importer(815301076,1909f56bfc062723c751e8b465ee728b)  -> (artifact id: 'f364ca6c571f063c4956d387a58013dc') in 0.023210 seconds 
  Import took 0.028629 seconds .

========================================================================
Received Import Request.
  Time since last request: 0.000208 seconds.
  path: Assets/FungusExamples/Sherlock/Audio/sfx/Liquids/PourLiquid.wav
  artifactKey: Guid(e513fc9af808b8c438338e58bc17a700) Importer(815301076,1909f56bfc062723c751e8b465ee728b)
Start importing Assets/FungusExamples/Sherlock/Audio/sfx/Liquids/PourLiquid.wav using Guid(e513fc9af808b8c438338e58bc17a700) Importer(815301076,1909f56bfc062723c751e8b465ee728b)  -> (artifact id: '021ca853700c3468cbedb1a84e80c6d5') in 0.020993 seconds 
  Import took 0.027898 seconds .

========================================================================
Received Import Request.
  Time since last request: 0.000161 seconds.
  path: Assets/FungusExamples/TheHunter/Audio/Typing/JamesEarlJBot.wav
  artifactKey: Guid(0dc7e509ace954462bc8ab20fcb68d60) Importer(815301076,1909f56bfc062723c751e8b465ee728b)
Start importing Assets/FungusExamples/TheHunter/Audio/Typing/JamesEarlJBot.wav using Guid(0dc7e509ace954462bc8ab20fcb68d60) Importer(815301076,1909f56bfc062723c751e8b465ee728b)  -> (artifact id: 'dd27b13275c5278e0910a92e71b1a934') in 0.017824 seconds 
  Import took 0.023532 seconds .

========================================================================
Received Import Request.
  Time since last request: 0.000173 seconds.
  path: Assets/FungusExamples/TheHunter/Audio/Typing/RobotGossip.wav
  artifactKey: Guid(a7623e252b6a74db79eee3c71b710924) Importer(815301076,1909f56bfc062723c751e8b465ee728b)
Start importing Assets/FungusExamples/TheHunter/Audio/Typing/RobotGossip.wav using Guid(a7623e252b6a74db79eee3c71b710924) Importer(815301076,1909f56bfc062723c751e8b465ee728b)  -> (artifact id: '0d42caff540143194e20b61fe6d8e2aa') in 0.020685 seconds 
  Import took 0.024975 seconds .

========================================================================
Received Import Request.
  Time since last request: 0.000176 seconds.
  path: Assets/FungusExamples/Sherlock/Audio/Emote/Question.wav
  artifactKey: Guid(682fe1817a668354d986bb418c9a75fe) Importer(815301076,1909f56bfc062723c751e8b465ee728b)
Start importing Assets/FungusExamples/Sherlock/Audio/Emote/Question.wav using Guid(682fe1817a668354d986bb418c9a75fe) Importer(815301076,1909f56bfc062723c751e8b465ee728b)  -> (artifact id: '02adf6cc6c7fdc7750ad6b958ca36908') in 0.015404 seconds 
  Import took 0.026514 seconds .

========================================================================
Received Import Request.
  Time since last request: 0.000188 seconds.
  path: Assets/FungusExamples/SayHolds/VO3.mp3
  artifactKey: Guid(f995fd20bd1b22c4083a882ea47ae695) Importer(815301076,1909f56bfc062723c751e8b465ee728b)
Start importing Assets/FungusExamples/SayHolds/VO3.mp3 using Guid(f995fd20bd1b22c4083a882ea47ae695) Importer(815301076,1909f56bfc062723c751e8b465ee728b)  -> (artifact id: '72edd2eee1c3dddb318bb74d4f7bd494') in 0.021725 seconds 
  Import took 0.027494 seconds .

========================================================================
Received Import Request.
  Time since last request: 0.000170 seconds.
  path: Assets/FungusExamples/Sherlock/Audio/Emote/Annoyed.wav
  artifactKey: Guid(61bed2868b732754d8642fd8cf3ea4f1) Importer(815301076,1909f56bfc062723c751e8b465ee728b)
Start importing Assets/FungusExamples/Sherlock/Audio/Emote/Annoyed.wav using Guid(61bed2868b732754d8642fd8cf3ea4f1) Importer(815301076,1909f56bfc062723c751e8b465ee728b)  -> (artifact id: '433cfdc31132889ad933cc6ac2b3fa86') in 0.030043 seconds 
  Import took 0.034739 seconds .

========================================================================
Received Import Request.
  Time since last request: 0.000407 seconds.
  path: Assets/FungusExamples/Sherlock/Audio/GUI/Continue.wav
  artifactKey: Guid(7369647d7e7224eb1ba96356b0b7d38d) Importer(815301076,1909f56bfc062723c751e8b465ee728b)
Start importing Assets/FungusExamples/Sherlock/Audio/GUI/Continue.wav using Guid(7369647d7e7224eb1ba96356b0b7d38d) Importer(815301076,1909f56bfc062723c751e8b465ee728b)  -> (artifact id: 'f4b543b2fc29da8117c643d08ae04712') in 0.020503 seconds 
  Import took 0.027361 seconds .

========================================================================
Received Import Request.
  Time since last request: 0.000188 seconds.
  path: Assets/FungusExamples/TheFacility/Music/CKZ_-_09_-_Youre_Not_Real.mp3
  artifactKey: Guid(8f2a44f9988c2445aa82bed59f677134) Importer(815301076,1909f56bfc062723c751e8b465ee728b)
Start importing Assets/FungusExamples/TheFacility/Music/CKZ_-_09_-_Youre_Not_Real.mp3 using Guid(8f2a44f9988c2445aa82bed59f677134) Importer(815301076,1909f56bfc062723c751e8b465ee728b)  -> (artifact id: 'eab26408d533f58e922817130f745a7d') in 0.016494 seconds 
  Import took 0.025974 seconds .

========================================================================
Received Import Request.
  Time since last request: 0.000160 seconds.
  path: Assets/FungusExamples/JumpingPrax/Music/PraxMusic.mp3
  artifactKey: Guid(19f33067513db4e9cb3a36d5c984bba7) Importer(815301076,1909f56bfc062723c751e8b465ee728b)
Start importing Assets/FungusExamples/JumpingPrax/Music/PraxMusic.mp3 using Guid(19f33067513db4e9cb3a36d5c984bba7) Importer(815301076,1909f56bfc062723c751e8b465ee728b)  -> (artifact id: '0434f6c069d451bad857881148808dfc') in 0.017663 seconds 
  Import took 0.022514 seconds .

========================================================================
Received Import Request.
  Time since last request: 0.000196 seconds.
  path: Assets/FungusExamples/Sherlock/Audio/GUI/SpeechCheck-Fail.wav
  artifactKey: Guid(8b619861be9f614458920a34a125727f) Importer(815301076,1909f56bfc062723c751e8b465ee728b)
Start importing Assets/FungusExamples/Sherlock/Audio/GUI/SpeechCheck-Fail.wav using Guid(8b619861be9f614458920a34a125727f) Importer(815301076,1909f56bfc062723c751e8b465ee728b)  -> (artifact id: 'e310cf3a524ca61df66d01ffa0471f1c') in 0.018835 seconds 
  Import took 0.026219 seconds .

========================================================================
Received Import Request.
  Time since last request: 0.000162 seconds.
  path: Assets/FungusExamples/Sherlock/Audio/GUI/SpeechCheck-Pass.wav
  artifactKey: Guid(f5ffbadf97e0bd24bae41734cf28d2da) Importer(815301076,1909f56bfc062723c751e8b465ee728b)
Start importing Assets/FungusExamples/Sherlock/Audio/GUI/SpeechCheck-Pass.wav using Guid(f5ffbadf97e0bd24bae41734cf28d2da) Importer(815301076,1909f56bfc062723c751e8b465ee728b)  -> (artifact id: 'd5b1af80c86eee4925099d21bdf68a72') in 0.022923 seconds 
  Import took 0.028560 seconds .

========================================================================
Received Import Request.
  Time since last request: 0.000612 seconds.
  path: Assets/FungusExamples/Sherlock/Audio/Emote/Worried.wav
  artifactKey: Guid(476f002f45c7655408b9e7b1fa186f26) Importer(815301076,1909f56bfc062723c751e8b465ee728b)
Start importing Assets/FungusExamples/Sherlock/Audio/Emote/Worried.wav using Guid(476f002f45c7655408b9e7b1fa186f26) Importer(815301076,1909f56bfc062723c751e8b465ee728b)  -> (artifact id: 'f612e1283a8c811782ac4ae610652167') in 0.020914 seconds 
  Import took 0.027908 seconds .

========================================================================
Received Import Request.
  Time since last request: 0.000317 seconds.
  path: Assets/FungusExamples/Sherlock/Audio/Emote/Answer.wav
  artifactKey: Guid(be122d5e134d8fb46a8f0d559bf85f08) Importer(815301076,1909f56bfc062723c751e8b465ee728b)
Start importing Assets/FungusExamples/Sherlock/Audio/Emote/Answer.wav using Guid(be122d5e134d8fb46a8f0d559bf85f08) Importer(815301076,1909f56bfc062723c751e8b465ee728b)  -> (artifact id: '213e1e0bb6d185a375ad22e1f0f00371') in 0.020965 seconds 
  Import took 0.026385 seconds .

========================================================================
Received Import Request.
  Time since last request: 0.000163 seconds.
  path: Assets/FungusExamples/Sherlock/Audio/Emote/Confused.wav
  artifactKey: Guid(2c83109679b046a45a12f2ab05210351) Importer(815301076,1909f56bfc062723c751e8b465ee728b)
Start importing Assets/FungusExamples/Sherlock/Audio/Emote/Confused.wav using Guid(2c83109679b046a45a12f2ab05210351) Importer(815301076,1909f56bfc062723c751e8b465ee728b)  -> (artifact id: '142774b72cd3a7904e6ee209e58a76ee') in 0.016006 seconds 
  Import took 0.021212 seconds .

========================================================================
Received Import Request.
  Time since last request: 0.000210 seconds.
  path: Assets/FungusExamples/Sherlock/Audio/GUI/Stat-Decrease.wav
  artifactKey: Guid(e794f7f8b387c4242a6e1e61f1c85b17) Importer(815301076,1909f56bfc062723c751e8b465ee728b)
Start importing Assets/FungusExamples/Sherlock/Audio/GUI/Stat-Decrease.wav using Guid(e794f7f8b387c4242a6e1e61f1c85b17) Importer(815301076,1909f56bfc062723c751e8b465ee728b)  -> (artifact id: '4ff217748e83397559241c3dbbda1aa4') in 0.018180 seconds 
  Import took 0.027151 seconds .

========================================================================
Received Import Request.
  Time since last request: 0.000195 seconds.
  path: Assets/FungusExamples/TheHunter/Audio/Typing/SqueakyExplanation.wav
  artifactKey: Guid(23e52ab29f28743309c85b6d7bdc8ad6) Importer(815301076,1909f56bfc062723c751e8b465ee728b)
Start importing Assets/FungusExamples/TheHunter/Audio/Typing/SqueakyExplanation.wav using Guid(23e52ab29f28743309c85b6d7bdc8ad6) Importer(815301076,1909f56bfc062723c751e8b465ee728b)  -> (artifact id: '0143ca0143c1aa63e504686e3b47e598') in 0.019776 seconds 
  Import took 0.026033 seconds .

========================================================================
Received Import Request.
  Time since last request: 0.000185 seconds.
  path: Assets/FungusExamples/Sherlock/Audio/Emote/Furious.wav
  artifactKey: Guid(a84a8e1a17e158c48b4d308292df81db) Importer(815301076,1909f56bfc062723c751e8b465ee728b)
Start importing Assets/FungusExamples/Sherlock/Audio/Emote/Furious.wav using Guid(a84a8e1a17e158c48b4d308292df81db) Importer(815301076,1909f56bfc062723c751e8b465ee728b)  -> (artifact id: '72642a37d8e1025858c768ca85968009') in 0.018279 seconds 
  Import took 0.022920 seconds .

========================================================================
Received Import Request.
  Time since last request: 0.000298 seconds.
  path: Assets/FungusExamples/SayHolds/VO1.mp3
  artifactKey: Guid(bcc782f50f1c67842a7b10f1a4a68959) Importer(815301076,1909f56bfc062723c751e8b465ee728b)
Start importing Assets/FungusExamples/SayHolds/VO1.mp3 using Guid(bcc782f50f1c67842a7b10f1a4a68959) Importer(815301076,1909f56bfc062723c751e8b465ee728b)  -> (artifact id: 'ff53368ca8be96a7477f5278e8629c5b') in 0.020715 seconds 
  Import took 0.028215 seconds .

========================================================================
Received Import Request.
  Time since last request: 0.000197 seconds.
  path: Assets/FungusExamples/Sherlock/Audio/GUI/LowVoice.wav
  artifactKey: Guid(c89d9cff88a1247d3be3911553d119a2) Importer(815301076,1909f56bfc062723c751e8b465ee728b)
Start importing Assets/FungusExamples/Sherlock/Audio/GUI/LowVoice.wav using Guid(c89d9cff88a1247d3be3911553d119a2) Importer(815301076,1909f56bfc062723c751e8b465ee728b)  -> (artifact id: '457f601354ed2a87ed759595a5a3818c') in 0.013153 seconds 
  Import took 0.022780 seconds .

========================================================================
Received Import Request.
  Time since last request: 0.000188 seconds.
  path: Assets/FungusExamples/SayHolds/VO2.mp3
  artifactKey: Guid(d389acad13a64274fa4f6c67282b8c8e) Importer(815301076,1909f56bfc062723c751e8b465ee728b)
Start importing Assets/FungusExamples/SayHolds/VO2.mp3 using Guid(d389acad13a64274fa4f6c67282b8c8e) Importer(815301076,1909f56bfc062723c751e8b465ee728b)  -> (artifact id: 'ac88774df8356ea6178c3fd6efb663a0') in 0.017599 seconds 
  Import took 0.022703 seconds .

========================================================================
Received Import Request.
  Time since last request: 0.000215 seconds.
  path: Assets/FungusExamples/Sherlock/Audio/GUI/Stat-100.wav
  artifactKey: Guid(753c104435015c240a34199227ab10be) Importer(815301076,1909f56bfc062723c751e8b465ee728b)
Start importing Assets/FungusExamples/Sherlock/Audio/GUI/Stat-100.wav using Guid(753c104435015c240a34199227ab10be) Importer(815301076,1909f56bfc062723c751e8b465ee728b)  -> (artifact id: '59d1900b5a2e1c7e107e72bd8bffb6fb') in 0.016679 seconds 
  Import took 0.021880 seconds .

========================================================================
Received Import Request.
  Time since last request: 0.000241 seconds.
  path: Assets/FungusExamples/Sherlock/Audio/GUI/HighVoice.wav
  artifactKey: Guid(8e8286c2463884bbaa62cddbee8c7cb3) Importer(815301076,1909f56bfc062723c751e8b465ee728b)
Start importing Assets/FungusExamples/Sherlock/Audio/GUI/HighVoice.wav using Guid(8e8286c2463884bbaa62cddbee8c7cb3) Importer(815301076,1909f56bfc062723c751e8b465ee728b)  -> (artifact id: 'e64662e2638a0059607658e022699b6c') in 0.014100 seconds 
  Import took 0.022355 seconds .

========================================================================
Received Import Request.
  Time since last request: 0.000170 seconds.
  path: Assets/FungusExamples/Sherlock/Audio/Emote/Realize.wav
  artifactKey: Guid(40c43dcdccf69ed46b85dd1dc5566184) Importer(815301076,1909f56bfc062723c751e8b465ee728b)
Start importing Assets/FungusExamples/Sherlock/Audio/Emote/Realize.wav using Guid(40c43dcdccf69ed46b85dd1dc5566184) Importer(815301076,1909f56bfc062723c751e8b465ee728b)  -> (artifact id: 'd9c63e4420625b9a28ea78d95c4e6dae') in 0.020924 seconds 
  Import took 0.026961 seconds .

========================================================================
Received Import Request.
  Time since last request: 0.000438 seconds.
  path: Assets/FungusExamples/Sherlock/Audio/Emote/Shout.wav
  artifactKey: Guid(08ed144a85c2c844ab568517982e0924) Importer(815301076,1909f56bfc062723c751e8b465ee728b)
Start importing Assets/FungusExamples/Sherlock/Audio/Emote/Shout.wav using Guid(08ed144a85c2c844ab568517982e0924) Importer(815301076,1909f56bfc062723c751e8b465ee728b)  -> (artifact id: 'a186fdc806104b047fccb2240302db6a') in 0.025224 seconds 
  Import took 0.030932 seconds .

========================================================================
Received Import Request.
  Time since last request: 0.000190 seconds.
  path: Assets/FungusExamples/Sherlock/Audio/GUI/WritingSound.wav
  artifactKey: Guid(849f5fa7fe21b4d468d1858b6d1eb800) Importer(815301076,1909f56bfc062723c751e8b465ee728b)
Start importing Assets/FungusExamples/Sherlock/Audio/GUI/WritingSound.wav using Guid(849f5fa7fe21b4d468d1858b6d1eb800) Importer(815301076,1909f56bfc062723c751e8b465ee728b)  -> (artifact id: '521a69d5d9f7812f8cd6ed71a9ab3a30') in 0.019218 seconds 
  Import took 0.027042 seconds .

========================================================================
Received Import Request.
  Time since last request: 0.000189 seconds.
  path: Assets/FungusExamples/Sherlock/Audio/Emote/Scared.wav
  artifactKey: Guid(70f3ad5c22ae4f442a18b2784b073d44) Importer(815301076,1909f56bfc062723c751e8b465ee728b)
Start importing Assets/FungusExamples/Sherlock/Audio/Emote/Scared.wav using Guid(70f3ad5c22ae4f442a18b2784b073d44) Importer(815301076,1909f56bfc062723c751e8b465ee728b)  -> (artifact id: 'd38aa358e9bfeb8111e1b82815806148') in 0.017766 seconds 
  Import took 0.023716 seconds .

========================================================================
Received Import Request.
  Time since last request: 0.000266 seconds.
  path: Assets/FungusExamples/Sherlock/Audio/GUI/Paper.wav
  artifactKey: Guid(9e747544e092d9543b6d81b14434358e) Importer(815301076,1909f56bfc062723c751e8b465ee728b)
Start importing Assets/FungusExamples/Sherlock/Audio/GUI/Paper.wav using Guid(9e747544e092d9543b6d81b14434358e) Importer(815301076,1909f56bfc062723c751e8b465ee728b)  -> (artifact id: 'f411d0eac1bcb89904bd564562ad3624') in 0.019026 seconds 
  Import took 0.024058 seconds .

========================================================================
Received Import Request.
  Time since last request: 0.000171 seconds.
  path: Assets/Fungus/Audio/Click2.wav
  artifactKey: Guid(14a396b1562834718b2d52b9c4639264) Importer(815301076,1909f56bfc062723c751e8b465ee728b)
Start importing Assets/Fungus/Audio/Click2.wav using Guid(14a396b1562834718b2d52b9c4639264) Importer(815301076,1909f56bfc062723c751e8b465ee728b)  -> (artifact id: 'a76804463e2b8e9553d25881ddd95030') in 0.017485 seconds 
  Import took 0.024734 seconds .

========================================================================
Received Import Request.
  Time since last request: 0.000179 seconds.
  path: Assets/FungusExamples/MonoBehEvents/Hit_Hurt10.wav
  artifactKey: Guid(c05250d33e43ca04788384771b988143) Importer(815301076,1909f56bfc062723c751e8b465ee728b)
Start importing Assets/FungusExamples/MonoBehEvents/Hit_Hurt10.wav using Guid(c05250d33e43ca04788384771b988143) Importer(815301076,1909f56bfc062723c751e8b465ee728b)  -> (artifact id: '5c0d65693cfdcc60b1d83aaac59061eb') in 0.015206 seconds 
  Import took 0.021854 seconds .

========================================================================
Received Import Request.
  Time since last request: 0.000189 seconds.
  path: Assets/Fungus/Audio/Click.wav
  artifactKey: Guid(c18ae2c530c264a6880266d5e0a71337) Importer(815301076,1909f56bfc062723c751e8b465ee728b)
Start importing Assets/Fungus/Audio/Click.wav using Guid(c18ae2c530c264a6880266d5e0a71337) Importer(815301076,1909f56bfc062723c751e8b465ee728b)  -> (artifact id: 'c0ab7bd73160d8da7aec10885377fdc8') in 0.015221 seconds 
  Import took 0.020080 seconds .

========================================================================
Received Import Request.
  Time since last request: 0.000191 seconds.
  path: Assets/FungusExamples/TheHunter/Audio/Typing/AngryGiantInsect.wav
  artifactKey: Guid(6ef46b89a24b74a14afd5145a28fc4fc) Importer(815301076,1909f56bfc062723c751e8b465ee728b)
Start importing Assets/FungusExamples/TheHunter/Audio/Typing/AngryGiantInsect.wav using Guid(6ef46b89a24b74a14afd5145a28fc4fc) Importer(815301076,1909f56bfc062723c751e8b465ee728b)  -> (artifact id: 'bda5f77b5c8df2f3e5f58a86a9189573') in 0.017777 seconds 
  Import took 0.026792 seconds .

========================================================================
Received Import Request.
  Time since last request: 0.000222 seconds.
  path: Assets/FungusExamples/Sherlock/Audio/Emote/Shocked.wav
  artifactKey: Guid(d64bcc814caf23c41ba706c2d4f06724) Importer(815301076,1909f56bfc062723c751e8b465ee728b)
Start importing Assets/FungusExamples/Sherlock/Audio/Emote/Shocked.wav using Guid(d64bcc814caf23c41ba706c2d4f06724) Importer(815301076,1909f56bfc062723c751e8b465ee728b)  -> (artifact id: '02bf666d0cfe47d59bf9d157a568d59b') in 0.017198 seconds 
  Import took 0.026503 seconds .

========================================================================
Received Import Request.
  Time since last request: 0.000226 seconds.
  path: Assets/FungusExamples/TheHunter/Audio/Typing/SlightlyAnnoyedComputer.wav
  artifactKey: Guid(9b3be2062b59848a2bd178f5748b386d) Importer(815301076,1909f56bfc062723c751e8b465ee728b)
Start importing Assets/FungusExamples/TheHunter/Audio/Typing/SlightlyAnnoyedComputer.wav using Guid(9b3be2062b59848a2bd178f5748b386d) Importer(815301076,1909f56bfc062723c751e8b465ee728b)  -> (artifact id: '669c8c60d480e3f14300d2532d2e595f') in 0.020707 seconds 
  Import took 0.025021 seconds .

========================================================================
Received Import Request.
  Time since last request: 0.000256 seconds.
  path: Assets/FungusExamples/Sherlock/Audio/GUI/MidVoice.wav
  artifactKey: Guid(1a1543b7873994f51911c9766dd6d83f) Importer(815301076,1909f56bfc062723c751e8b465ee728b)
Start importing Assets/FungusExamples/Sherlock/Audio/GUI/MidVoice.wav using Guid(1a1543b7873994f51911c9766dd6d83f) Importer(815301076,1909f56bfc062723c751e8b465ee728b)  -> (artifact id: 'abcaae1b7af50a9d6792451f07c24af0') in 0.010882 seconds 
  Import took 0.018031 seconds .

========================================================================
Received Import Request.
  Time since last request: 0.000234 seconds.
  path: Assets/FungusExamples/Sherlock/Audio/music/Eliminate the Impossible.ogg
  artifactKey: Guid(f3c866bbc4639e7409c30c71736d84a6) Importer(815301076,1909f56bfc062723c751e8b465ee728b)
Start importing Assets/FungusExamples/Sherlock/Audio/music/Eliminate the Impossible.ogg using Guid(f3c866bbc4639e7409c30c71736d84a6) Importer(815301076,1909f56bfc062723c751e8b465ee728b)  -> (artifact id: '5e8da1c09d0276325e9a469eb0d61934') in 0.016983 seconds 
  Import took 0.023490 seconds .

========================================================================
Received Import Request.
  Time since last request: 0.000242 seconds.
  path: Assets/FungusExamples/Sherlock/Audio/GUI/Stat-0.wav
  artifactKey: Guid(c467b39701f3e0644b3361508f474021) Importer(815301076,1909f56bfc062723c751e8b465ee728b)
Start importing Assets/FungusExamples/Sherlock/Audio/GUI/Stat-0.wav using Guid(c467b39701f3e0644b3361508f474021) Importer(815301076,1909f56bfc062723c751e8b465ee728b)  -> (artifact id: '9c089dc4686c8007d554d10dc0849a2c') in 0.015192 seconds 
  Import took 0.021767 seconds .

========================================================================
Received Import Request.
  Time since last request: 0.000196 seconds.
  path: Assets/FungusExamples/Sherlock/Audio/Emote/Pleased.wav
  artifactKey: Guid(cf4986a7000bafc498f65f9d71ab28d1) Importer(815301076,1909f56bfc062723c751e8b465ee728b)
Start importing Assets/FungusExamples/Sherlock/Audio/Emote/Pleased.wav using Guid(cf4986a7000bafc498f65f9d71ab28d1) Importer(815301076,1909f56bfc062723c751e8b465ee728b)  -> (artifact id: 'd1ff60c940a5485673a494cf12e88b0c') in 0.021260 seconds 
  Import took 0.026015 seconds .

========================================================================
Received Import Request.
  Time since last request: 0.000394 seconds.
  path: Assets/FungusExamples/TheHunter/Audio/Music.mp3
  artifactKey: Guid(d858bb0968ae746b0a6801434b848b69) Importer(815301076,1909f56bfc062723c751e8b465ee728b)
Start importing Assets/FungusExamples/TheHunter/Audio/Music.mp3 using Guid(d858bb0968ae746b0a6801434b848b69) Importer(815301076,1909f56bfc062723c751e8b465ee728b)  -> (artifact id: '3e262deaf6eb9c89ed1194b29f8a8796') in 0.015699 seconds 
  Import took 0.024031 seconds .

========================================================================
Received Import Request.
  Time since last request: 0.000250 seconds.
  path: Assets/FungusExamples/Sherlock/Audio/Emote/Clue.wav
  artifactKey: Guid(72d43fdfb85cbb04187e145717cfc970) Importer(815301076,1909f56bfc062723c751e8b465ee728b)
Start importing Assets/FungusExamples/Sherlock/Audio/Emote/Clue.wav using Guid(72d43fdfb85cbb04187e145717cfc970) Importer(815301076,1909f56bfc062723c751e8b465ee728b)  -> (artifact id: 'bdd43386c5db7db93c46b796d53369c0') in 0.023213 seconds 
  Import took 0.028006 seconds .

========================================================================
Received Import Request.
  Time since last request: 0.000214 seconds.
  path: Assets/FungusExamples/Sherlock/Audio/GUI/Stat-Increase.wav
  artifactKey: Guid(bae673dd6cc6a3a4bba065590ad3e41c) Importer(815301076,1909f56bfc062723c751e8b465ee728b)
Start importing Assets/FungusExamples/Sherlock/Audio/GUI/Stat-Increase.wav using Guid(bae673dd6cc6a3a4bba065590ad3e41c) Importer(815301076,1909f56bfc062723c751e8b465ee728b)  -> (artifact id: '9589b23f1e45f114e80b88a2ecb230b9') in 0.020062 seconds 
  Import took 0.027451 seconds .

========================================================================
Received Import Request.
  Time since last request: 0.000182 seconds.
  path: Assets/FungusExamples/TheHunter/Audio/Typing/JiminyC.wav
  artifactKey: Guid(124184555ec434aa68814be3bd116c26) Importer(815301076,1909f56bfc062723c751e8b465ee728b)
Start importing Assets/FungusExamples/TheHunter/Audio/Typing/JiminyC.wav using Guid(124184555ec434aa68814be3bd116c26) Importer(815301076,1909f56bfc062723c751e8b465ee728b)  -> (artifact id: 'b253c0aa3f5b40db9493b96643c2b4ee') in 0.020125 seconds 
  Import took 0.027541 seconds .

========================================================================
Received Import Request.
  Time since last request: 0.000205 seconds.
  path: Assets/FungusExamples/TheHunter/Audio/Typing/UnderwaterMorse.wav
  artifactKey: Guid(d51030c566c134c038723aab62eeb832) Importer(815301076,1909f56bfc062723c751e8b465ee728b)
Start importing Assets/FungusExamples/TheHunter/Audio/Typing/UnderwaterMorse.wav using Guid(d51030c566c134c038723aab62eeb832) Importer(815301076,1909f56bfc062723c751e8b465ee728b)  -> (artifact id: '88f3a9305f3023992b4d0eefa90b438e') in 0.019823 seconds 
  Import took 0.027179 seconds .

========================================================================
Received Prepare
Registering precompiled user dll's ...
Registered in 0.006896 seconds.
Begin MonoManager ReloadAssembly
Native extension for WindowsStandalone target not found
Refreshing native plugins compatible for Editor in 0.56 ms, found 2 plugins.
Preloading 0 native plugins for Editor in 0.00 ms.
Mono: successfully reloaded assembly
- Completed reload, in  1.432 seconds
Domain Reload Profiling:
	ReloadAssembly (1433ms)
		BeginReloadAssembly (199ms)
			ExecutionOrderSort (0ms)
			DisableScriptedObjects (7ms)
			BackupInstance (0ms)
			ReleaseScriptingObjects (0ms)
			CreateAndSetChildDomain (48ms)
		EndReloadAssembly (1158ms)
			LoadAssemblies (161ms)
			RebuildTransferFunctionScriptingTraits (0ms)
			SetupTypeCache (412ms)
			ReleaseScriptCaches (1ms)
			RebuildScriptCaches (56ms)
			SetupLoadedEditorAssemblies (439ms)
				LogAssemblyErrors (0ms)
				InitializePlatformSupportModulesInManaged (6ms)
				SetLoadedEditorAssemblies (0ms)
				RefreshPlugins (1ms)
				BeforeProcessingInitializeOnLoad (92ms)
				ProcessInitializeOnLoadAttributes (323ms)
				ProcessInitializeOnLoadMethodAttributes (12ms)
				AfterProcessingInitializeOnLoad (4ms)
				EditorAssembliesLoaded (0ms)
			ExecutionOrderSort2 (0ms)
			AwakeInstancesAfterBackupRestoration (9ms)
Platform modules already initialized, skipping
Refreshing native plugins compatible for Editor in 0.57 ms, found 2 plugins.
Preloading 0 native plugins for Editor in 0.00 ms.
Unloading 2704 Unused Serialized files (Serialized files now loaded: 0)
System memory in use before: 110.4 MB.
System memory in use after: 110.5 MB.

Unloading 16 unused Assets to reduce memory usage. Loaded Objects now: 3189.
Total: 4.519300 ms (FindLiveObjects: 0.285300 ms CreateObjectMapping: 0.145700 ms MarkObjects: 3.965300 ms  DeleteObjects: 0.121800 ms)

AssetImportParameters requested are different than current active one (requested -> active):
  custom:framework-win-MediaFoundation: 216162199b28c13a410421893ffa2e32 -> 
  custom:video-decoder-ogg-theora: a1e56fd34408186e4bbccfd4996cb3dc -> 
  custom:container-muxer-webm: aa71ff27fc2769a1b78a27578f13a17b -> 
  custom:container-demuxer-webm: 4f35f7cbe854078d1ac9338744f61a02 -> 
  custom:container-demuxer-ogg: 62fdf1f143b41e24485cea50d1cbac27 -> 
  custom:video-encoder-webm-vp8: eb34c28f22e8b96e1ab97ce403110664 -> 
  custom:video-decoder-webm-vp8: 9c59270c3fd7afecdb556c50c9e8de78 -> 
  custom:audio-decoder-ogg-vorbis: bf7c407c2cedff20999df2af8eb42d56 -> 
  custom:audio-encoder-webm-vorbis: bf7c407c2cedff20999df2af8eb42d56 -> 
========================================================================
Received Prepare
Registering precompiled user dll's ...
Registered in 0.008904 seconds.
Begin MonoManager ReloadAssembly
Native extension for WindowsStandalone target not found
Refreshing native plugins compatible for Editor in 0.55 ms, found 2 plugins.
Preloading 0 native plugins for Editor in 0.00 ms.
Mono: successfully reloaded assembly
- Completed reload, in  1.625 seconds
Domain Reload Profiling:
	ReloadAssembly (1626ms)
		BeginReloadAssembly (203ms)
			ExecutionOrderSort (0ms)
			DisableScriptedObjects (9ms)
			BackupInstance (0ms)
			ReleaseScriptingObjects (0ms)
			CreateAndSetChildDomain (52ms)
		EndReloadAssembly (1342ms)
			LoadAssemblies (175ms)
			RebuildTransferFunctionScriptingTraits (0ms)
			SetupTypeCache (504ms)
			ReleaseScriptCaches (1ms)
			RebuildScriptCaches (71ms)
			SetupLoadedEditorAssemblies (468ms)
				LogAssemblyErrors (0ms)
				InitializePlatformSupportModulesInManaged (7ms)
				SetLoadedEditorAssemblies (0ms)
				RefreshPlugins (1ms)
				BeforeProcessingInitializeOnLoad (106ms)
				ProcessInitializeOnLoadAttributes (338ms)
				ProcessInitializeOnLoadMethodAttributes (11ms)
				AfterProcessingInitializeOnLoad (4ms)
				EditorAssembliesLoaded (1ms)
			ExecutionOrderSort2 (0ms)
			AwakeInstancesAfterBackupRestoration (12ms)
Platform modules already initialized, skipping
Refreshing native plugins compatible for Editor in 0.60 ms, found 2 plugins.
Preloading 0 native plugins for Editor in 0.00 ms.
Unloading 2704 Unused Serialized files (Serialized files now loaded: 0)
System memory in use before: 110.4 MB.
System memory in use after: 110.6 MB.

Unloading 16 unused Assets to reduce memory usage. Loaded Objects now: 3191.
Total: 4.141500 ms (FindLiveObjects: 0.264000 ms CreateObjectMapping: 0.176300 ms MarkObjects: 3.545900 ms  DeleteObjects: 0.154100 ms)

AssetImportParameters requested are different than current active one (requested -> active):
  custom:framework-win-MediaFoundation: 216162199b28c13a410421893ffa2e32 -> 
  custom:video-decoder-ogg-theora: a1e56fd34408186e4bbccfd4996cb3dc -> 
  custom:container-muxer-webm: aa71ff27fc2769a1b78a27578f13a17b -> 
  custom:container-demuxer-webm: 4f35f7cbe854078d1ac9338744f61a02 -> 
  custom:container-demuxer-ogg: 62fdf1f143b41e24485cea50d1cbac27 -> 
  custom:video-encoder-webm-vp8: eb34c28f22e8b96e1ab97ce403110664 -> 
  custom:video-decoder-webm-vp8: 9c59270c3fd7afecdb556c50c9e8de78 -> 
  custom:audio-decoder-ogg-vorbis: bf7c407c2cedff20999df2af8eb42d56 -> 
  custom:audio-encoder-webm-vorbis: bf7c407c2cedff20999df2af8eb42d56 -> 
========================================================================
Received Prepare
Registering precompiled user dll's ...
Registered in 0.005891 seconds.
Begin MonoManager ReloadAssembly
Native extension for WindowsStandalone target not found
Refreshing native plugins compatible for Editor in 1.11 ms, found 2 plugins.
Preloading 0 native plugins for Editor in 0.00 ms.
Mono: successfully reloaded assembly
- Completed reload, in  1.490 seconds
Domain Reload Profiling:
	ReloadAssembly (1492ms)
		BeginReloadAssembly (181ms)
			ExecutionOrderSort (0ms)
			DisableScriptedObjects (7ms)
			BackupInstance (0ms)
			ReleaseScriptingObjects (0ms)
			CreateAndSetChildDomain (50ms)
		EndReloadAssembly (1233ms)
			LoadAssemblies (172ms)
			RebuildTransferFunctionScriptingTraits (0ms)
			SetupTypeCache (449ms)
			ReleaseScriptCaches (1ms)
			RebuildScriptCaches (57ms)
			SetupLoadedEditorAssemblies (445ms)
				LogAssemblyErrors (0ms)
				InitializePlatformSupportModulesInManaged (6ms)
				SetLoadedEditorAssemblies (1ms)
				RefreshPlugins (1ms)
				BeforeProcessingInitializeOnLoad (110ms)
				ProcessInitializeOnLoadAttributes (312ms)
				ProcessInitializeOnLoadMethodAttributes (12ms)
				AfterProcessingInitializeOnLoad (3ms)
				EditorAssembliesLoaded (0ms)
			ExecutionOrderSort2 (0ms)
			AwakeInstancesAfterBackupRestoration (11ms)
Platform modules already initialized, skipping
Refreshing native plugins compatible for Editor in 0.68 ms, found 2 plugins.
Preloading 0 native plugins for Editor in 0.00 ms.
Unloading 2704 Unused Serialized files (Serialized files now loaded: 0)
System memory in use before: 110.4 MB.
System memory in use after: 110.6 MB.

Unloading 16 unused Assets to reduce memory usage. Loaded Objects now: 3193.
Total: 3.804500 ms (FindLiveObjects: 0.272700 ms CreateObjectMapping: 0.137800 ms MarkObjects: 3.308500 ms  DeleteObjects: 0.084100 ms)

AssetImportParameters requested are different than current active one (requested -> active):
  custom:framework-win-MediaFoundation: 216162199b28c13a410421893ffa2e32 -> 
  custom:video-decoder-ogg-theora: a1e56fd34408186e4bbccfd4996cb3dc -> 
  custom:container-muxer-webm: aa71ff27fc2769a1b78a27578f13a17b -> 
  custom:container-demuxer-webm: 4f35f7cbe854078d1ac9338744f61a02 -> 
  custom:container-demuxer-ogg: 62fdf1f143b41e24485cea50d1cbac27 -> 
  custom:video-encoder-webm-vp8: eb34c28f22e8b96e1ab97ce403110664 -> 
  custom:video-decoder-webm-vp8: 9c59270c3fd7afecdb556c50c9e8de78 -> 
  custom:audio-decoder-ogg-vorbis: bf7c407c2cedff20999df2af8eb42d56 -> 
  custom:audio-encoder-webm-vorbis: bf7c407c2cedff20999df2af8eb42d56 -> 
========================================================================
Received Prepare
Registering precompiled user dll's ...
Registered in 0.006547 seconds.
Begin MonoManager ReloadAssembly
Native extension for WindowsStandalone target not found
Refreshing native plugins compatible for Editor in 0.69 ms, found 2 plugins.
Preloading 0 native plugins for Editor in 0.00 ms.
Mono: successfully reloaded assembly
- Completed reload, in  1.192 seconds
Domain Reload Profiling:
	ReloadAssembly (1192ms)
		BeginReloadAssembly (155ms)
			ExecutionOrderSort (0ms)
			DisableScriptedObjects (5ms)
			BackupInstance (0ms)
			ReleaseScriptingObjects (0ms)
			CreateAndSetChildDomain (40ms)
		EndReloadAssembly (977ms)
			LoadAssemblies (127ms)
			RebuildTransferFunctionScriptingTraits (0ms)
			SetupTypeCache (361ms)
			ReleaseScriptCaches (1ms)
			RebuildScriptCaches (50ms)
			SetupLoadedEditorAssemblies (350ms)
				LogAssemblyErrors (0ms)
				InitializePlatformSupportModulesInManaged (5ms)
				SetLoadedEditorAssemblies (1ms)
				RefreshPlugins (1ms)
				BeforeProcessingInitializeOnLoad (91ms)
				ProcessInitializeOnLoadAttributes (240ms)
				ProcessInitializeOnLoadMethodAttributes (9ms)
				AfterProcessingInitializeOnLoad (3ms)
				EditorAssembliesLoaded (0ms)
			ExecutionOrderSort2 (0ms)
			AwakeInstancesAfterBackupRestoration (8ms)
Platform modules already initialized, skipping
Refreshing native plugins compatible for Editor in 0.54 ms, found 2 plugins.
Preloading 0 native plugins for Editor in 0.00 ms.
Unloading 2704 Unused Serialized files (Serialized files now loaded: 0)
System memory in use before: 110.5 MB.
System memory in use after: 110.6 MB.

Unloading 16 unused Assets to reduce memory usage. Loaded Objects now: 3195.
Total: 5.377200 ms (FindLiveObjects: 0.241600 ms CreateObjectMapping: 0.110000 ms MarkObjects: 4.936200 ms  DeleteObjects: 0.088200 ms)

AssetImportParameters requested are different than current active one (requested -> active):
  custom:framework-win-MediaFoundation: 216162199b28c13a410421893ffa2e32 -> 
  custom:video-decoder-ogg-theora: a1e56fd34408186e4bbccfd4996cb3dc -> 
  custom:container-muxer-webm: aa71ff27fc2769a1b78a27578f13a17b -> 
  custom:container-demuxer-webm: 4f35f7cbe854078d1ac9338744f61a02 -> 
  custom:container-demuxer-ogg: 62fdf1f143b41e24485cea50d1cbac27 -> 
  custom:video-encoder-webm-vp8: eb34c28f22e8b96e1ab97ce403110664 -> 
  custom:video-decoder-webm-vp8: 9c59270c3fd7afecdb556c50c9e8de78 -> 
  custom:audio-decoder-ogg-vorbis: bf7c407c2cedff20999df2af8eb42d56 -> 
  custom:audio-encoder-webm-vorbis: bf7c407c2cedff20999df2af8eb42d56 -> 
